<?xml version="1.0" encoding="UTF-8"?>
<testsuite xmlns:xsi="http://www.w3.org/2001/XMLSchema-instance" xsi:noNamespaceSchemaLocation="https://maven.apache.org/surefire/maven-surefire-plugin/xsd/surefire-test-report-3.0.xsd" version="3.0" name="demo.kafka.streams.processor.PaymentTopologyTest" time="2.687" tests="1" errors="0" skipped="0" failures="0">
  <properties>
    <property name="sun.desktop" value="windows"/>
    <property name="awt.toolkit" value="sun.awt.windows.WToolkit"/>
    <property name="java.specification.version" value="11"/>
    <property name="sun.cpu.isalist" value="amd64"/>
    <property name="sun.jnu.encoding" value="Cp1252"/>
    <property name="java.class.path" value="C:\MyProjects\kafka-streams-v2\target\test-classes;C:\MyProjects\kafka-streams-v2\target\classes;C:\Users\iouahran\.m2\repository\org\springframework\boot\spring-boot-starter\2.5.2\spring-boot-starter-2.5.2.jar;C:\Users\iouahran\.m2\repository\org\springframework\boot\spring-boot\2.5.2\spring-boot-2.5.2.jar;C:\Users\iouahran\.m2\repository\org\springframework\boot\spring-boot-autoconfigure\2.5.2\spring-boot-autoconfigure-2.5.2.jar;C:\Users\iouahran\.m2\repository\org\springframework\boot\spring-boot-starter-logging\2.5.2\spring-boot-starter-logging-2.5.2.jar;C:\Users\iouahran\.m2\repository\org\slf4j\jul-to-slf4j\1.7.31\jul-to-slf4j-1.7.31.jar;C:\Users\iouahran\.m2\repository\jakarta\annotation\jakarta.annotation-api\1.3.5\jakarta.annotation-api-1.3.5.jar;C:\Users\iouahran\.m2\repository\org\springframework\spring-core\5.3.8\spring-core-5.3.8.jar;C:\Users\iouahran\.m2\repository\org\springframework\spring-jcl\5.3.8\spring-jcl-5.3.8.jar;C:\Users\iouahran\.m2\repository\org\yaml\snakeyaml\1.28\snakeyaml-1.28.jar;C:\Users\iouahran\.m2\repository\org\springframework\boot\spring-boot-starter-web\2.5.2\spring-boot-starter-web-2.5.2.jar;C:\Users\iouahran\.m2\repository\org\springframework\boot\spring-boot-starter-json\2.5.2\spring-boot-starter-json-2.5.2.jar;C:\Users\iouahran\.m2\repository\com\fasterxml\jackson\core\jackson-databind\2.12.3\jackson-databind-2.12.3.jar;C:\Users\iouahran\.m2\repository\com\fasterxml\jackson\datatype\jackson-datatype-jdk8\2.12.3\jackson-datatype-jdk8-2.12.3.jar;C:\Users\iouahran\.m2\repository\com\fasterxml\jackson\datatype\jackson-datatype-jsr310\2.12.3\jackson-datatype-jsr310-2.12.3.jar;C:\Users\iouahran\.m2\repository\com\fasterxml\jackson\module\jackson-module-parameter-names\2.12.3\jackson-module-parameter-names-2.12.3.jar;C:\Users\iouahran\.m2\repository\org\springframework\boot\spring-boot-starter-tomcat\2.5.2\spring-boot-starter-tomcat-2.5.2.jar;C:\Users\iouahran\.m2\repository\org\apache\tomcat\embed\tomcat-embed-core\9.0.48\tomcat-embed-core-9.0.48.jar;C:\Users\iouahran\.m2\repository\org\apache\tomcat\embed\tomcat-embed-el\9.0.48\tomcat-embed-el-9.0.48.jar;C:\Users\iouahran\.m2\repository\org\apache\tomcat\embed\tomcat-embed-websocket\9.0.48\tomcat-embed-websocket-9.0.48.jar;C:\Users\iouahran\.m2\repository\org\springframework\spring-web\5.3.8\spring-web-5.3.8.jar;C:\Users\iouahran\.m2\repository\org\springframework\spring-beans\5.3.8\spring-beans-5.3.8.jar;C:\Users\iouahran\.m2\repository\org\springframework\spring-webmvc\5.3.8\spring-webmvc-5.3.8.jar;C:\Users\iouahran\.m2\repository\org\springframework\spring-aop\5.3.8\spring-aop-5.3.8.jar;C:\Users\iouahran\.m2\repository\org\springframework\spring-expression\5.3.8\spring-expression-5.3.8.jar;C:\Users\iouahran\.m2\repository\org\springframework\boot\spring-boot-starter-actuator\2.5.2\spring-boot-starter-actuator-2.5.2.jar;C:\Users\iouahran\.m2\repository\org\springframework\boot\spring-boot-actuator-autoconfigure\2.5.2\spring-boot-actuator-autoconfigure-2.5.2.jar;C:\Users\iouahran\.m2\repository\org\springframework\boot\spring-boot-actuator\2.5.2\spring-boot-actuator-2.5.2.jar;C:\Users\iouahran\.m2\repository\io\micrometer\micrometer-core\1.7.1\micrometer-core-1.7.1.jar;C:\Users\iouahran\.m2\repository\org\hdrhistogram\HdrHistogram\2.1.12\HdrHistogram-2.1.12.jar;C:\Users\iouahran\.m2\repository\org\latencyutils\LatencyUtils\2.0.3\LatencyUtils-2.0.3.jar;C:\Users\iouahran\.m2\repository\org\springframework\kafka\spring-kafka\2.7.8\spring-kafka-2.7.8.jar;C:\Users\iouahran\.m2\repository\org\springframework\spring-context\5.3.8\spring-context-5.3.8.jar;C:\Users\iouahran\.m2\repository\org\springframework\spring-messaging\5.3.8\spring-messaging-5.3.8.jar;C:\Users\iouahran\.m2\repository\org\springframework\spring-tx\5.3.8\spring-tx-5.3.8.jar;C:\Users\iouahran\.m2\repository\org\springframework\retry\spring-retry\1.3.1\spring-retry-1.3.1.jar;C:\Users\iouahran\.m2\repository\javax\annotation\javax.annotation-api\1.3.2\javax.annotation-api-1.3.2.jar;C:\Users\iouahran\.m2\repository\org\apache\kafka\kafka-clients\2.7.1\kafka-clients-2.7.1.jar;C:\Users\iouahran\.m2\repository\com\github\luben\zstd-jni\1.4.5-6\zstd-jni-1.4.5-6.jar;C:\Users\iouahran\.m2\repository\org\lz4\lz4-java\1.7.1\lz4-java-1.7.1.jar;C:\Users\iouahran\.m2\repository\org\xerial\snappy\snappy-java\1.1.7.7\snappy-java-1.1.7.7.jar;C:\Users\iouahran\.m2\repository\com\google\code\findbugs\jsr305\3.0.2\jsr305-3.0.2.jar;C:\Users\iouahran\.m2\repository\org\apache\kafka\kafka-streams\2.7.1\kafka-streams-2.7.1.jar;C:\Users\iouahran\.m2\repository\org\apache\kafka\connect-json\2.7.1\connect-json-2.7.1.jar;C:\Users\iouahran\.m2\repository\org\apache\kafka\connect-api\2.7.1\connect-api-2.7.1.jar;C:\Users\iouahran\.m2\repository\org\slf4j\slf4j-api\1.7.31\slf4j-api-1.7.31.jar;C:\Users\iouahran\.m2\repository\org\rocksdb\rocksdbjni\5.18.4\rocksdbjni-5.18.4.jar;C:\Users\iouahran\.m2\repository\javax\validation\validation-api\2.0.1.Final\validation-api-2.0.1.Final.jar;C:\Users\iouahran\.m2\repository\org\hibernate\validator\hibernate-validator\6.0.18.Final\hibernate-validator-6.0.18.Final.jar;C:\Users\iouahran\.m2\repository\org\jboss\logging\jboss-logging\3.4.2.Final\jboss-logging-3.4.2.Final.jar;C:\Users\iouahran\.m2\repository\com\fasterxml\classmate\1.5.1\classmate-1.5.1.jar;C:\Users\iouahran\.m2\repository\org\projectlombok\lombok\1.18.26\lombok-1.18.26.jar;C:\Users\iouahran\.m2\repository\org\springframework\boot\spring-boot-starter-test\2.5.2\spring-boot-starter-test-2.5.2.jar;C:\Users\iouahran\.m2\repository\org\springframework\boot\spring-boot-test\2.5.2\spring-boot-test-2.5.2.jar;C:\Users\iouahran\.m2\repository\org\springframework\boot\spring-boot-test-autoconfigure\2.5.2\spring-boot-test-autoconfigure-2.5.2.jar;C:\Users\iouahran\.m2\repository\com\jayway\jsonpath\json-path\2.5.0\json-path-2.5.0.jar;C:\Users\iouahran\.m2\repository\net\minidev\json-smart\2.4.7\json-smart-2.4.7.jar;C:\Users\iouahran\.m2\repository\net\minidev\accessors-smart\2.4.7\accessors-smart-2.4.7.jar;C:\Users\iouahran\.m2\repository\org\ow2\asm\asm\9.1\asm-9.1.jar;C:\Users\iouahran\.m2\repository\jakarta\xml\bind\jakarta.xml.bind-api\2.3.3\jakarta.xml.bind-api-2.3.3.jar;C:\Users\iouahran\.m2\repository\jakarta\activation\jakarta.activation-api\1.2.2\jakarta.activation-api-1.2.2.jar;C:\Users\iouahran\.m2\repository\org\assertj\assertj-core\3.19.0\assertj-core-3.19.0.jar;C:\Users\iouahran\.m2\repository\org\hamcrest\hamcrest\2.2\hamcrest-2.2.jar;C:\Users\iouahran\.m2\repository\org\junit\jupiter\junit-jupiter\5.7.2\junit-jupiter-5.7.2.jar;C:\Users\iouahran\.m2\repository\org\junit\jupiter\junit-jupiter-params\5.7.2\junit-jupiter-params-5.7.2.jar;C:\Users\iouahran\.m2\repository\org\junit\jupiter\junit-jupiter-engine\5.7.2\junit-jupiter-engine-5.7.2.jar;C:\Users\iouahran\.m2\repository\org\mockito\mockito-core\3.9.0\mockito-core-3.9.0.jar;C:\Users\iouahran\.m2\repository\net\bytebuddy\byte-buddy\1.10.22\byte-buddy-1.10.22.jar;C:\Users\iouahran\.m2\repository\net\bytebuddy\byte-buddy-agent\1.10.22\byte-buddy-agent-1.10.22.jar;C:\Users\iouahran\.m2\repository\org\mockito\mockito-junit-jupiter\3.9.0\mockito-junit-jupiter-3.9.0.jar;C:\Users\iouahran\.m2\repository\org\skyscreamer\jsonassert\1.5.0\jsonassert-1.5.0.jar;C:\Users\iouahran\.m2\repository\com\vaadin\external\google\android-json\0.0.20131108.vaadin1\android-json-0.0.20131108.vaadin1.jar;C:\Users\iouahran\.m2\repository\org\springframework\spring-test\5.3.8\spring-test-5.3.8.jar;C:\Users\iouahran\.m2\repository\org\xmlunit\xmlunit-core\2.8.2\xmlunit-core-2.8.2.jar;C:\Users\iouahran\.m2\repository\org\springframework\cloud\spring-cloud-contract-wiremock\3.0.4\spring-cloud-contract-wiremock-3.0.4.jar;C:\Users\iouahran\.m2\repository\com\github\tomakehurst\wiremock-jre8-standalone\2.31.0\wiremock-jre8-standalone-2.31.0.jar;C:\Users\iouahran\.m2\repository\org\apache\httpcomponents\httpclient\4.5.13\httpclient-4.5.13.jar;C:\Users\iouahran\.m2\repository\org\apache\httpcomponents\httpcore\4.4.14\httpcore-4.4.14.jar;C:\Users\iouahran\.m2\repository\commons-codec\commons-codec\1.15\commons-codec-1.15.jar;C:\Users\iouahran\.m2\repository\org\springframework\kafka\spring-kafka-test\2.7.8\spring-kafka-test-2.7.8.jar;C:\Users\iouahran\.m2\repository\org\apache\kafka\kafka-clients\2.7.1\kafka-clients-2.7.1-test.jar;C:\Users\iouahran\.m2\repository\org\apache\kafka\kafka_2.13\2.7.1\kafka_2.13-2.7.1.jar;C:\Users\iouahran\.m2\repository\org\apache\kafka\kafka-raft\2.7.1\kafka-raft-2.7.1.jar;C:\Users\iouahran\.m2\repository\com\fasterxml\jackson\module\jackson-module-scala_2.13\2.12.3\jackson-module-scala_2.13-2.12.3.jar;C:\Users\iouahran\.m2\repository\com\thoughtworks\paranamer\paranamer\2.8\paranamer-2.8.jar;C:\Users\iouahran\.m2\repository\com\fasterxml\jackson\dataformat\jackson-dataformat-csv\2.12.3\jackson-dataformat-csv-2.12.3.jar;C:\Users\iouahran\.m2\repository\net\sf\jopt-simple\jopt-simple\5.0.4\jopt-simple-5.0.4.jar;C:\Users\iouahran\.m2\repository\com\yammer\metrics\metrics-core\2.2.0\metrics-core-2.2.0.jar;C:\Users\iouahran\.m2\repository\org\scala-lang\modules\scala-collection-compat_2.13\2.2.0\scala-collection-compat_2.13-2.2.0.jar;C:\Users\iouahran\.m2\repository\org\scala-lang\modules\scala-java8-compat_2.13\0.9.1\scala-java8-compat_2.13-0.9.1.jar;C:\Users\iouahran\.m2\repository\org\scala-lang\scala-library\2.13.3\scala-library-2.13.3.jar;C:\Users\iouahran\.m2\repository\org\scala-lang\scala-reflect\2.13.3\scala-reflect-2.13.3.jar;C:\Users\iouahran\.m2\repository\com\typesafe\scala-logging\scala-logging_2.13\3.9.2\scala-logging_2.13-3.9.2.jar;C:\Users\iouahran\.m2\repository\org\apache\zookeeper\zookeeper\3.5.9\zookeeper-3.5.9.jar;C:\Users\iouahran\.m2\repository\org\apache\zookeeper\zookeeper-jute\3.5.9\zookeeper-jute-3.5.9.jar;C:\Users\iouahran\.m2\repository\org\apache\yetus\audience-annotations\0.5.0\audience-annotations-0.5.0.jar;C:\Users\iouahran\.m2\repository\io\netty\netty-handler\4.1.65.Final\netty-handler-4.1.65.Final.jar;C:\Users\iouahran\.m2\repository\io\netty\netty-common\4.1.65.Final\netty-common-4.1.65.Final.jar;C:\Users\iouahran\.m2\repository\io\netty\netty-resolver\4.1.65.Final\netty-resolver-4.1.65.Final.jar;C:\Users\iouahran\.m2\repository\io\netty\netty-buffer\4.1.65.Final\netty-buffer-4.1.65.Final.jar;C:\Users\iouahran\.m2\repository\io\netty\netty-transport\4.1.65.Final\netty-transport-4.1.65.Final.jar;C:\Users\iouahran\.m2\repository\io\netty\netty-codec\4.1.65.Final\netty-codec-4.1.65.Final.jar;C:\Users\iouahran\.m2\repository\io\netty\netty-transport-native-epoll\4.1.65.Final\netty-transport-native-epoll-4.1.65.Final.jar;C:\Users\iouahran\.m2\repository\io\netty\netty-transport-native-unix-common\4.1.65.Final\netty-transport-native-unix-common-4.1.65.Final.jar;C:\Users\iouahran\.m2\repository\commons-cli\commons-cli\1.4\commons-cli-1.4.jar;C:\Users\iouahran\.m2\repository\org\apache\kafka\kafka_2.13\2.7.1\kafka_2.13-2.7.1-test.jar;C:\Users\iouahran\.m2\repository\org\junit\jupiter\junit-jupiter-api\5.7.2\junit-jupiter-api-5.7.2.jar;C:\Users\iouahran\.m2\repository\org\opentest4j\opentest4j\1.2.0\opentest4j-1.2.0.jar;C:\Users\iouahran\.m2\repository\org\junit\platform\junit-platform-commons\1.7.2\junit-platform-commons-1.7.2.jar;C:\Users\iouahran\.m2\repository\org\junit\platform\junit-platform-launcher\1.8.1\junit-platform-launcher-1.8.1.jar;C:\Users\iouahran\.m2\repository\org\junit\platform\junit-platform-engine\1.7.2\junit-platform-engine-1.7.2.jar;C:\Users\iouahran\.m2\repository\org\apiguardian\apiguardian-api\1.1.2\apiguardian-api-1.1.2.jar;C:\Users\iouahran\.m2\repository\org\awaitility\awaitility\3.0.0\awaitility-3.0.0.jar;C:\Users\iouahran\.m2\repository\org\hamcrest\hamcrest-library\2.2\hamcrest-library-2.2.jar;C:\Users\iouahran\.m2\repository\org\hamcrest\hamcrest-core\2.2\hamcrest-core-2.2.jar;C:\Users\iouahran\.m2\repository\org\objenesis\objenesis\2.5.1\objenesis-2.5.1.jar;C:\Users\iouahran\.m2\repository\dev\lydtech\component-test-framework\1.4.0\component-test-framework-1.4.0.jar;C:\Users\iouahran\.m2\repository\ch\qos\logback\logback-classic\1.2.3\logback-classic-1.2.3.jar;C:\Users\iouahran\.m2\repository\ch\qos\logback\logback-core\1.2.3\logback-core-1.2.3.jar;C:\Users\iouahran\.m2\repository\org\apache\logging\log4j\log4j-to-slf4j\2.14.1\log4j-to-slf4j-2.14.1.jar;C:\Users\iouahran\.m2\repository\org\apache\logging\log4j\log4j-api\2.14.1\log4j-api-2.14.1.jar;C:\Users\iouahran\.m2\repository\io\debezium\debezium-testing-testcontainers\1.7.0.Final\debezium-testing-testcontainers-1.7.0.Final.jar;C:\Users\iouahran\.m2\repository\com\fasterxml\jackson\core\jackson-core\2.12.3\jackson-core-2.12.3.jar;C:\Users\iouahran\.m2\repository\org\testcontainers\postgresql\1.15.1\postgresql-1.15.1.jar;C:\Users\iouahran\.m2\repository\org\testcontainers\jdbc\1.15.1\jdbc-1.15.1.jar;C:\Users\iouahran\.m2\repository\org\testcontainers\database-commons\1.15.1\database-commons-1.15.1.jar;C:\Users\iouahran\.m2\repository\org\testcontainers\mongodb\1.15.1\mongodb-1.15.1.jar;C:\Users\iouahran\.m2\repository\io\debezium\debezium-core\1.7.0.Final\debezium-core-1.7.0.Final-tests.jar;C:\Users\iouahran\.m2\repository\io\debezium\debezium-api\1.7.0.Final\debezium-api-1.7.0.Final.jar;C:\Users\iouahran\.m2\repository\com\amazonaws\aws-java-sdk-dynamodb\1.12.105\aws-java-sdk-dynamodb-1.12.105.jar;C:\Users\iouahran\.m2\repository\com\amazonaws\aws-java-sdk-s3\1.12.105\aws-java-sdk-s3-1.12.105.jar;C:\Users\iouahran\.m2\repository\com\amazonaws\aws-java-sdk-kms\1.12.105\aws-java-sdk-kms-1.12.105.jar;C:\Users\iouahran\.m2\repository\com\amazonaws\aws-java-sdk-core\1.12.105\aws-java-sdk-core-1.12.105.jar;C:\Users\iouahran\.m2\repository\commons-logging\commons-logging\1.1.3\commons-logging-1.1.3.jar;C:\Users\iouahran\.m2\repository\software\amazon\ion\ion-java\1.0.2\ion-java-1.0.2.jar;C:\Users\iouahran\.m2\repository\com\fasterxml\jackson\dataformat\jackson-dataformat-cbor\2.12.3\jackson-dataformat-cbor-2.12.3.jar;C:\Users\iouahran\.m2\repository\joda-time\joda-time\2.8.1\joda-time-2.8.1.jar;C:\Users\iouahran\.m2\repository\com\amazonaws\jmespath-java\1.12.105\jmespath-java-1.12.105.jar;C:\Users\iouahran\.m2\repository\com\github\docker-java\docker-java-core\3.2.12\docker-java-core-3.2.12.jar;C:\Users\iouahran\.m2\repository\com\github\docker-java\docker-java-transport\3.2.12\docker-java-transport-3.2.12.jar;C:\Users\iouahran\.m2\repository\commons-lang\commons-lang\2.6\commons-lang-2.6.jar;C:\Users\iouahran\.m2\repository\com\google\guava\guava\19.0\guava-19.0.jar;C:\Users\iouahran\.m2\repository\org\bouncycastle\bcpkix-jdk15on\1.64\bcpkix-jdk15on-1.64.jar;C:\Users\iouahran\.m2\repository\org\bouncycastle\bcprov-jdk15on\1.64\bcprov-jdk15on-1.64.jar;C:\Users\iouahran\.m2\repository\com\github\docker-java\docker-java-transport-httpclient5\3.2.12\docker-java-transport-httpclient5-3.2.12.jar;C:\Users\iouahran\.m2\repository\org\apache\httpcomponents\client5\httpclient5\5.0.4\httpclient5-5.0.4.jar;C:\Users\iouahran\.m2\repository\org\apache\httpcomponents\core5\httpcore5\5.1.1\httpcore5-5.1.1.jar;C:\Users\iouahran\.m2\repository\net\java\dev\jna\jna\5.8.0\jna-5.8.0.jar;C:\Users\iouahran\.m2\repository\com\github\docker-java\docker-java-api\3.2.12\docker-java-api-3.2.12.jar;C:\Users\iouahran\.m2\repository\com\fasterxml\jackson\core\jackson-annotations\2.12.3\jackson-annotations-2.12.3.jar;C:\Users\iouahran\.m2\repository\org\testcontainers\testcontainers\1.16.3\testcontainers-1.16.3.jar;C:\Users\iouahran\.m2\repository\junit\junit\4.13.2\junit-4.13.2.jar;C:\Users\iouahran\.m2\repository\org\apache\commons\commons-compress\1.21\commons-compress-1.21.jar;C:\Users\iouahran\.m2\repository\org\rnorth\duct-tape\duct-tape\1.0.8\duct-tape-1.0.8.jar;C:\Users\iouahran\.m2\repository\org\jetbrains\annotations\17.0.0\annotations-17.0.0.jar;C:\Users\iouahran\.m2\repository\com\github\docker-java\docker-java-transport-zerodep\3.2.12\docker-java-transport-zerodep-3.2.12.jar;C:\Users\iouahran\.m2\repository\org\testcontainers\kafka\1.16.3\kafka-1.16.3.jar;C:\Users\iouahran\.m2\repository\com\squareup\okhttp3\okhttp\4.9.0\okhttp-4.9.0.jar;C:\Users\iouahran\.m2\repository\com\squareup\okio\okio\2.8.0\okio-2.8.0.jar;C:\Users\iouahran\.m2\repository\org\jetbrains\kotlin\kotlin-stdlib-common\1.5.20\kotlin-stdlib-common-1.5.20.jar;C:\Users\iouahran\.m2\repository\org\jetbrains\kotlin\kotlin-stdlib\1.5.20\kotlin-stdlib-1.5.20.jar;C:\Users\iouahran\.m2\repository\commons-io\commons-io\2.11.0\commons-io-2.11.0.jar;C:\Users\iouahran\.m2\repository\io\rest-assured\rest-assured\4.3.3\rest-assured-4.3.3.jar;C:\Users\iouahran\.m2\repository\org\codehaus\groovy\groovy\3.0.8\groovy-3.0.8.jar;C:\Users\iouahran\.m2\repository\org\codehaus\groovy\groovy-xml\3.0.8\groovy-xml-3.0.8.jar;C:\Users\iouahran\.m2\repository\org\apache\httpcomponents\httpmime\4.5.13\httpmime-4.5.13.jar;C:\Users\iouahran\.m2\repository\org\ccil\cowan\tagsoup\tagsoup\1.2.1\tagsoup-1.2.1.jar;C:\Users\iouahran\.m2\repository\io\rest-assured\json-path\4.3.3\json-path-4.3.3.jar;C:\Users\iouahran\.m2\repository\org\codehaus\groovy\groovy-json\3.0.8\groovy-json-3.0.8.jar;C:\Users\iouahran\.m2\repository\io\rest-assured\rest-assured-common\4.3.3\rest-assured-common-4.3.3.jar;C:\Users\iouahran\.m2\repository\io\rest-assured\xml-path\4.3.3\xml-path-4.3.3.jar;C:\Users\iouahran\.m2\repository\org\apache\commons\commons-lang3\3.12.0\commons-lang3-3.12.0.jar;C:\Users\iouahran\.m2\repository\com\sun\xml\bind\jaxb-impl\2.3.3\jaxb-impl-2.3.3.jar;C:\Users\iouahran\.m2\repository\org\apache\kafka\kafka-streams-test-utils\2.7.1\kafka-streams-test-utils-2.7.1.jar;"/>
    <property name="java.vm.vendor" value="Amazon.com Inc."/>
    <property name="sun.arch.data.model" value="64"/>
    <property name="user.variant" value=""/>
    <property name="java.vendor.url" value="https://aws.amazon.com/corretto/"/>
    <property name="user.timezone" value="Europe/Paris"/>
    <property name="java.vm.specification.version" value="11"/>
    <property name="os.name" value="Windows 10"/>
    <property name="sun.java.launcher" value="SUN_STANDARD"/>
    <property name="user.country" value="FR"/>
    <property name="sun.boot.library.path" value="C:\Users\iouahran\.jdks\corretto-11.0.14.1\bin"/>
    <property name="sun.java.command" value="C:\Users\iouahran\AppData\Local\Temp\surefire17548588003493930322\surefirebooter-20240416123459331_3.jar C:\Users\iouahran\AppData\Local\Temp\surefire17548588003493930322 2024-04-16T12-34-58_764-jvmRun1 surefire-20240416123459331_1tmp surefire_0-20240416123459331_2tmp"/>
    <property name="jdk.debug" value="release"/>
    <property name="surefire.test.class.path" value="C:\MyProjects\kafka-streams-v2\target\test-classes;C:\MyProjects\kafka-streams-v2\target\classes;C:\Users\iouahran\.m2\repository\org\springframework\boot\spring-boot-starter\2.5.2\spring-boot-starter-2.5.2.jar;C:\Users\iouahran\.m2\repository\org\springframework\boot\spring-boot\2.5.2\spring-boot-2.5.2.jar;C:\Users\iouahran\.m2\repository\org\springframework\boot\spring-boot-autoconfigure\2.5.2\spring-boot-autoconfigure-2.5.2.jar;C:\Users\iouahran\.m2\repository\org\springframework\boot\spring-boot-starter-logging\2.5.2\spring-boot-starter-logging-2.5.2.jar;C:\Users\iouahran\.m2\repository\org\slf4j\jul-to-slf4j\1.7.31\jul-to-slf4j-1.7.31.jar;C:\Users\iouahran\.m2\repository\jakarta\annotation\jakarta.annotation-api\1.3.5\jakarta.annotation-api-1.3.5.jar;C:\Users\iouahran\.m2\repository\org\springframework\spring-core\5.3.8\spring-core-5.3.8.jar;C:\Users\iouahran\.m2\repository\org\springframework\spring-jcl\5.3.8\spring-jcl-5.3.8.jar;C:\Users\iouahran\.m2\repository\org\yaml\snakeyaml\1.28\snakeyaml-1.28.jar;C:\Users\iouahran\.m2\repository\org\springframework\boot\spring-boot-starter-web\2.5.2\spring-boot-starter-web-2.5.2.jar;C:\Users\iouahran\.m2\repository\org\springframework\boot\spring-boot-starter-json\2.5.2\spring-boot-starter-json-2.5.2.jar;C:\Users\iouahran\.m2\repository\com\fasterxml\jackson\core\jackson-databind\2.12.3\jackson-databind-2.12.3.jar;C:\Users\iouahran\.m2\repository\com\fasterxml\jackson\datatype\jackson-datatype-jdk8\2.12.3\jackson-datatype-jdk8-2.12.3.jar;C:\Users\iouahran\.m2\repository\com\fasterxml\jackson\datatype\jackson-datatype-jsr310\2.12.3\jackson-datatype-jsr310-2.12.3.jar;C:\Users\iouahran\.m2\repository\com\fasterxml\jackson\module\jackson-module-parameter-names\2.12.3\jackson-module-parameter-names-2.12.3.jar;C:\Users\iouahran\.m2\repository\org\springframework\boot\spring-boot-starter-tomcat\2.5.2\spring-boot-starter-tomcat-2.5.2.jar;C:\Users\iouahran\.m2\repository\org\apache\tomcat\embed\tomcat-embed-core\9.0.48\tomcat-embed-core-9.0.48.jar;C:\Users\iouahran\.m2\repository\org\apache\tomcat\embed\tomcat-embed-el\9.0.48\tomcat-embed-el-9.0.48.jar;C:\Users\iouahran\.m2\repository\org\apache\tomcat\embed\tomcat-embed-websocket\9.0.48\tomcat-embed-websocket-9.0.48.jar;C:\Users\iouahran\.m2\repository\org\springframework\spring-web\5.3.8\spring-web-5.3.8.jar;C:\Users\iouahran\.m2\repository\org\springframework\spring-beans\5.3.8\spring-beans-5.3.8.jar;C:\Users\iouahran\.m2\repository\org\springframework\spring-webmvc\5.3.8\spring-webmvc-5.3.8.jar;C:\Users\iouahran\.m2\repository\org\springframework\spring-aop\5.3.8\spring-aop-5.3.8.jar;C:\Users\iouahran\.m2\repository\org\springframework\spring-expression\5.3.8\spring-expression-5.3.8.jar;C:\Users\iouahran\.m2\repository\org\springframework\boot\spring-boot-starter-actuator\2.5.2\spring-boot-starter-actuator-2.5.2.jar;C:\Users\iouahran\.m2\repository\org\springframework\boot\spring-boot-actuator-autoconfigure\2.5.2\spring-boot-actuator-autoconfigure-2.5.2.jar;C:\Users\iouahran\.m2\repository\org\springframework\boot\spring-boot-actuator\2.5.2\spring-boot-actuator-2.5.2.jar;C:\Users\iouahran\.m2\repository\io\micrometer\micrometer-core\1.7.1\micrometer-core-1.7.1.jar;C:\Users\iouahran\.m2\repository\org\hdrhistogram\HdrHistogram\2.1.12\HdrHistogram-2.1.12.jar;C:\Users\iouahran\.m2\repository\org\latencyutils\LatencyUtils\2.0.3\LatencyUtils-2.0.3.jar;C:\Users\iouahran\.m2\repository\org\springframework\kafka\spring-kafka\2.7.8\spring-kafka-2.7.8.jar;C:\Users\iouahran\.m2\repository\org\springframework\spring-context\5.3.8\spring-context-5.3.8.jar;C:\Users\iouahran\.m2\repository\org\springframework\spring-messaging\5.3.8\spring-messaging-5.3.8.jar;C:\Users\iouahran\.m2\repository\org\springframework\spring-tx\5.3.8\spring-tx-5.3.8.jar;C:\Users\iouahran\.m2\repository\org\springframework\retry\spring-retry\1.3.1\spring-retry-1.3.1.jar;C:\Users\iouahran\.m2\repository\javax\annotation\javax.annotation-api\1.3.2\javax.annotation-api-1.3.2.jar;C:\Users\iouahran\.m2\repository\org\apache\kafka\kafka-clients\2.7.1\kafka-clients-2.7.1.jar;C:\Users\iouahran\.m2\repository\com\github\luben\zstd-jni\1.4.5-6\zstd-jni-1.4.5-6.jar;C:\Users\iouahran\.m2\repository\org\lz4\lz4-java\1.7.1\lz4-java-1.7.1.jar;C:\Users\iouahran\.m2\repository\org\xerial\snappy\snappy-java\1.1.7.7\snappy-java-1.1.7.7.jar;C:\Users\iouahran\.m2\repository\com\google\code\findbugs\jsr305\3.0.2\jsr305-3.0.2.jar;C:\Users\iouahran\.m2\repository\org\apache\kafka\kafka-streams\2.7.1\kafka-streams-2.7.1.jar;C:\Users\iouahran\.m2\repository\org\apache\kafka\connect-json\2.7.1\connect-json-2.7.1.jar;C:\Users\iouahran\.m2\repository\org\apache\kafka\connect-api\2.7.1\connect-api-2.7.1.jar;C:\Users\iouahran\.m2\repository\org\slf4j\slf4j-api\1.7.31\slf4j-api-1.7.31.jar;C:\Users\iouahran\.m2\repository\org\rocksdb\rocksdbjni\5.18.4\rocksdbjni-5.18.4.jar;C:\Users\iouahran\.m2\repository\javax\validation\validation-api\2.0.1.Final\validation-api-2.0.1.Final.jar;C:\Users\iouahran\.m2\repository\org\hibernate\validator\hibernate-validator\6.0.18.Final\hibernate-validator-6.0.18.Final.jar;C:\Users\iouahran\.m2\repository\org\jboss\logging\jboss-logging\3.4.2.Final\jboss-logging-3.4.2.Final.jar;C:\Users\iouahran\.m2\repository\com\fasterxml\classmate\1.5.1\classmate-1.5.1.jar;C:\Users\iouahran\.m2\repository\org\projectlombok\lombok\1.18.26\lombok-1.18.26.jar;C:\Users\iouahran\.m2\repository\org\springframework\boot\spring-boot-starter-test\2.5.2\spring-boot-starter-test-2.5.2.jar;C:\Users\iouahran\.m2\repository\org\springframework\boot\spring-boot-test\2.5.2\spring-boot-test-2.5.2.jar;C:\Users\iouahran\.m2\repository\org\springframework\boot\spring-boot-test-autoconfigure\2.5.2\spring-boot-test-autoconfigure-2.5.2.jar;C:\Users\iouahran\.m2\repository\com\jayway\jsonpath\json-path\2.5.0\json-path-2.5.0.jar;C:\Users\iouahran\.m2\repository\net\minidev\json-smart\2.4.7\json-smart-2.4.7.jar;C:\Users\iouahran\.m2\repository\net\minidev\accessors-smart\2.4.7\accessors-smart-2.4.7.jar;C:\Users\iouahran\.m2\repository\org\ow2\asm\asm\9.1\asm-9.1.jar;C:\Users\iouahran\.m2\repository\jakarta\xml\bind\jakarta.xml.bind-api\2.3.3\jakarta.xml.bind-api-2.3.3.jar;C:\Users\iouahran\.m2\repository\jakarta\activation\jakarta.activation-api\1.2.2\jakarta.activation-api-1.2.2.jar;C:\Users\iouahran\.m2\repository\org\assertj\assertj-core\3.19.0\assertj-core-3.19.0.jar;C:\Users\iouahran\.m2\repository\org\hamcrest\hamcrest\2.2\hamcrest-2.2.jar;C:\Users\iouahran\.m2\repository\org\junit\jupiter\junit-jupiter\5.7.2\junit-jupiter-5.7.2.jar;C:\Users\iouahran\.m2\repository\org\junit\jupiter\junit-jupiter-params\5.7.2\junit-jupiter-params-5.7.2.jar;C:\Users\iouahran\.m2\repository\org\junit\jupiter\junit-jupiter-engine\5.7.2\junit-jupiter-engine-5.7.2.jar;C:\Users\iouahran\.m2\repository\org\mockito\mockito-core\3.9.0\mockito-core-3.9.0.jar;C:\Users\iouahran\.m2\repository\net\bytebuddy\byte-buddy\1.10.22\byte-buddy-1.10.22.jar;C:\Users\iouahran\.m2\repository\net\bytebuddy\byte-buddy-agent\1.10.22\byte-buddy-agent-1.10.22.jar;C:\Users\iouahran\.m2\repository\org\mockito\mockito-junit-jupiter\3.9.0\mockito-junit-jupiter-3.9.0.jar;C:\Users\iouahran\.m2\repository\org\skyscreamer\jsonassert\1.5.0\jsonassert-1.5.0.jar;C:\Users\iouahran\.m2\repository\com\vaadin\external\google\android-json\0.0.20131108.vaadin1\android-json-0.0.20131108.vaadin1.jar;C:\Users\iouahran\.m2\repository\org\springframework\spring-test\5.3.8\spring-test-5.3.8.jar;C:\Users\iouahran\.m2\repository\org\xmlunit\xmlunit-core\2.8.2\xmlunit-core-2.8.2.jar;C:\Users\iouahran\.m2\repository\org\springframework\cloud\spring-cloud-contract-wiremock\3.0.4\spring-cloud-contract-wiremock-3.0.4.jar;C:\Users\iouahran\.m2\repository\com\github\tomakehurst\wiremock-jre8-standalone\2.31.0\wiremock-jre8-standalone-2.31.0.jar;C:\Users\iouahran\.m2\repository\org\apache\httpcomponents\httpclient\4.5.13\httpclient-4.5.13.jar;C:\Users\iouahran\.m2\repository\org\apache\httpcomponents\httpcore\4.4.14\httpcore-4.4.14.jar;C:\Users\iouahran\.m2\repository\commons-codec\commons-codec\1.15\commons-codec-1.15.jar;C:\Users\iouahran\.m2\repository\org\springframework\kafka\spring-kafka-test\2.7.8\spring-kafka-test-2.7.8.jar;C:\Users\iouahran\.m2\repository\org\apache\kafka\kafka-clients\2.7.1\kafka-clients-2.7.1-test.jar;C:\Users\iouahran\.m2\repository\org\apache\kafka\kafka_2.13\2.7.1\kafka_2.13-2.7.1.jar;C:\Users\iouahran\.m2\repository\org\apache\kafka\kafka-raft\2.7.1\kafka-raft-2.7.1.jar;C:\Users\iouahran\.m2\repository\com\fasterxml\jackson\module\jackson-module-scala_2.13\2.12.3\jackson-module-scala_2.13-2.12.3.jar;C:\Users\iouahran\.m2\repository\com\thoughtworks\paranamer\paranamer\2.8\paranamer-2.8.jar;C:\Users\iouahran\.m2\repository\com\fasterxml\jackson\dataformat\jackson-dataformat-csv\2.12.3\jackson-dataformat-csv-2.12.3.jar;C:\Users\iouahran\.m2\repository\net\sf\jopt-simple\jopt-simple\5.0.4\jopt-simple-5.0.4.jar;C:\Users\iouahran\.m2\repository\com\yammer\metrics\metrics-core\2.2.0\metrics-core-2.2.0.jar;C:\Users\iouahran\.m2\repository\org\scala-lang\modules\scala-collection-compat_2.13\2.2.0\scala-collection-compat_2.13-2.2.0.jar;C:\Users\iouahran\.m2\repository\org\scala-lang\modules\scala-java8-compat_2.13\0.9.1\scala-java8-compat_2.13-0.9.1.jar;C:\Users\iouahran\.m2\repository\org\scala-lang\scala-library\2.13.3\scala-library-2.13.3.jar;C:\Users\iouahran\.m2\repository\org\scala-lang\scala-reflect\2.13.3\scala-reflect-2.13.3.jar;C:\Users\iouahran\.m2\repository\com\typesafe\scala-logging\scala-logging_2.13\3.9.2\scala-logging_2.13-3.9.2.jar;C:\Users\iouahran\.m2\repository\org\apache\zookeeper\zookeeper\3.5.9\zookeeper-3.5.9.jar;C:\Users\iouahran\.m2\repository\org\apache\zookeeper\zookeeper-jute\3.5.9\zookeeper-jute-3.5.9.jar;C:\Users\iouahran\.m2\repository\org\apache\yetus\audience-annotations\0.5.0\audience-annotations-0.5.0.jar;C:\Users\iouahran\.m2\repository\io\netty\netty-handler\4.1.65.Final\netty-handler-4.1.65.Final.jar;C:\Users\iouahran\.m2\repository\io\netty\netty-common\4.1.65.Final\netty-common-4.1.65.Final.jar;C:\Users\iouahran\.m2\repository\io\netty\netty-resolver\4.1.65.Final\netty-resolver-4.1.65.Final.jar;C:\Users\iouahran\.m2\repository\io\netty\netty-buffer\4.1.65.Final\netty-buffer-4.1.65.Final.jar;C:\Users\iouahran\.m2\repository\io\netty\netty-transport\4.1.65.Final\netty-transport-4.1.65.Final.jar;C:\Users\iouahran\.m2\repository\io\netty\netty-codec\4.1.65.Final\netty-codec-4.1.65.Final.jar;C:\Users\iouahran\.m2\repository\io\netty\netty-transport-native-epoll\4.1.65.Final\netty-transport-native-epoll-4.1.65.Final.jar;C:\Users\iouahran\.m2\repository\io\netty\netty-transport-native-unix-common\4.1.65.Final\netty-transport-native-unix-common-4.1.65.Final.jar;C:\Users\iouahran\.m2\repository\commons-cli\commons-cli\1.4\commons-cli-1.4.jar;C:\Users\iouahran\.m2\repository\org\apache\kafka\kafka_2.13\2.7.1\kafka_2.13-2.7.1-test.jar;C:\Users\iouahran\.m2\repository\org\junit\jupiter\junit-jupiter-api\5.7.2\junit-jupiter-api-5.7.2.jar;C:\Users\iouahran\.m2\repository\org\opentest4j\opentest4j\1.2.0\opentest4j-1.2.0.jar;C:\Users\iouahran\.m2\repository\org\junit\platform\junit-platform-commons\1.7.2\junit-platform-commons-1.7.2.jar;C:\Users\iouahran\.m2\repository\org\junit\platform\junit-platform-launcher\1.8.1\junit-platform-launcher-1.8.1.jar;C:\Users\iouahran\.m2\repository\org\junit\platform\junit-platform-engine\1.7.2\junit-platform-engine-1.7.2.jar;C:\Users\iouahran\.m2\repository\org\apiguardian\apiguardian-api\1.1.2\apiguardian-api-1.1.2.jar;C:\Users\iouahran\.m2\repository\org\awaitility\awaitility\3.0.0\awaitility-3.0.0.jar;C:\Users\iouahran\.m2\repository\org\hamcrest\hamcrest-library\2.2\hamcrest-library-2.2.jar;C:\Users\iouahran\.m2\repository\org\hamcrest\hamcrest-core\2.2\hamcrest-core-2.2.jar;C:\Users\iouahran\.m2\repository\org\objenesis\objenesis\2.5.1\objenesis-2.5.1.jar;C:\Users\iouahran\.m2\repository\dev\lydtech\component-test-framework\1.4.0\component-test-framework-1.4.0.jar;C:\Users\iouahran\.m2\repository\ch\qos\logback\logback-classic\1.2.3\logback-classic-1.2.3.jar;C:\Users\iouahran\.m2\repository\ch\qos\logback\logback-core\1.2.3\logback-core-1.2.3.jar;C:\Users\iouahran\.m2\repository\org\apache\logging\log4j\log4j-to-slf4j\2.14.1\log4j-to-slf4j-2.14.1.jar;C:\Users\iouahran\.m2\repository\org\apache\logging\log4j\log4j-api\2.14.1\log4j-api-2.14.1.jar;C:\Users\iouahran\.m2\repository\io\debezium\debezium-testing-testcontainers\1.7.0.Final\debezium-testing-testcontainers-1.7.0.Final.jar;C:\Users\iouahran\.m2\repository\com\fasterxml\jackson\core\jackson-core\2.12.3\jackson-core-2.12.3.jar;C:\Users\iouahran\.m2\repository\org\testcontainers\postgresql\1.15.1\postgresql-1.15.1.jar;C:\Users\iouahran\.m2\repository\org\testcontainers\jdbc\1.15.1\jdbc-1.15.1.jar;C:\Users\iouahran\.m2\repository\org\testcontainers\database-commons\1.15.1\database-commons-1.15.1.jar;C:\Users\iouahran\.m2\repository\org\testcontainers\mongodb\1.15.1\mongodb-1.15.1.jar;C:\Users\iouahran\.m2\repository\io\debezium\debezium-core\1.7.0.Final\debezium-core-1.7.0.Final-tests.jar;C:\Users\iouahran\.m2\repository\io\debezium\debezium-api\1.7.0.Final\debezium-api-1.7.0.Final.jar;C:\Users\iouahran\.m2\repository\com\amazonaws\aws-java-sdk-dynamodb\1.12.105\aws-java-sdk-dynamodb-1.12.105.jar;C:\Users\iouahran\.m2\repository\com\amazonaws\aws-java-sdk-s3\1.12.105\aws-java-sdk-s3-1.12.105.jar;C:\Users\iouahran\.m2\repository\com\amazonaws\aws-java-sdk-kms\1.12.105\aws-java-sdk-kms-1.12.105.jar;C:\Users\iouahran\.m2\repository\com\amazonaws\aws-java-sdk-core\1.12.105\aws-java-sdk-core-1.12.105.jar;C:\Users\iouahran\.m2\repository\commons-logging\commons-logging\1.1.3\commons-logging-1.1.3.jar;C:\Users\iouahran\.m2\repository\software\amazon\ion\ion-java\1.0.2\ion-java-1.0.2.jar;C:\Users\iouahran\.m2\repository\com\fasterxml\jackson\dataformat\jackson-dataformat-cbor\2.12.3\jackson-dataformat-cbor-2.12.3.jar;C:\Users\iouahran\.m2\repository\joda-time\joda-time\2.8.1\joda-time-2.8.1.jar;C:\Users\iouahran\.m2\repository\com\amazonaws\jmespath-java\1.12.105\jmespath-java-1.12.105.jar;C:\Users\iouahran\.m2\repository\com\github\docker-java\docker-java-core\3.2.12\docker-java-core-3.2.12.jar;C:\Users\iouahran\.m2\repository\com\github\docker-java\docker-java-transport\3.2.12\docker-java-transport-3.2.12.jar;C:\Users\iouahran\.m2\repository\commons-lang\commons-lang\2.6\commons-lang-2.6.jar;C:\Users\iouahran\.m2\repository\com\google\guava\guava\19.0\guava-19.0.jar;C:\Users\iouahran\.m2\repository\org\bouncycastle\bcpkix-jdk15on\1.64\bcpkix-jdk15on-1.64.jar;C:\Users\iouahran\.m2\repository\org\bouncycastle\bcprov-jdk15on\1.64\bcprov-jdk15on-1.64.jar;C:\Users\iouahran\.m2\repository\com\github\docker-java\docker-java-transport-httpclient5\3.2.12\docker-java-transport-httpclient5-3.2.12.jar;C:\Users\iouahran\.m2\repository\org\apache\httpcomponents\client5\httpclient5\5.0.4\httpclient5-5.0.4.jar;C:\Users\iouahran\.m2\repository\org\apache\httpcomponents\core5\httpcore5\5.1.1\httpcore5-5.1.1.jar;C:\Users\iouahran\.m2\repository\net\java\dev\jna\jna\5.8.0\jna-5.8.0.jar;C:\Users\iouahran\.m2\repository\com\github\docker-java\docker-java-api\3.2.12\docker-java-api-3.2.12.jar;C:\Users\iouahran\.m2\repository\com\fasterxml\jackson\core\jackson-annotations\2.12.3\jackson-annotations-2.12.3.jar;C:\Users\iouahran\.m2\repository\org\testcontainers\testcontainers\1.16.3\testcontainers-1.16.3.jar;C:\Users\iouahran\.m2\repository\junit\junit\4.13.2\junit-4.13.2.jar;C:\Users\iouahran\.m2\repository\org\apache\commons\commons-compress\1.21\commons-compress-1.21.jar;C:\Users\iouahran\.m2\repository\org\rnorth\duct-tape\duct-tape\1.0.8\duct-tape-1.0.8.jar;C:\Users\iouahran\.m2\repository\org\jetbrains\annotations\17.0.0\annotations-17.0.0.jar;C:\Users\iouahran\.m2\repository\com\github\docker-java\docker-java-transport-zerodep\3.2.12\docker-java-transport-zerodep-3.2.12.jar;C:\Users\iouahran\.m2\repository\org\testcontainers\kafka\1.16.3\kafka-1.16.3.jar;C:\Users\iouahran\.m2\repository\com\squareup\okhttp3\okhttp\4.9.0\okhttp-4.9.0.jar;C:\Users\iouahran\.m2\repository\com\squareup\okio\okio\2.8.0\okio-2.8.0.jar;C:\Users\iouahran\.m2\repository\org\jetbrains\kotlin\kotlin-stdlib-common\1.5.20\kotlin-stdlib-common-1.5.20.jar;C:\Users\iouahran\.m2\repository\org\jetbrains\kotlin\kotlin-stdlib\1.5.20\kotlin-stdlib-1.5.20.jar;C:\Users\iouahran\.m2\repository\commons-io\commons-io\2.11.0\commons-io-2.11.0.jar;C:\Users\iouahran\.m2\repository\io\rest-assured\rest-assured\4.3.3\rest-assured-4.3.3.jar;C:\Users\iouahran\.m2\repository\org\codehaus\groovy\groovy\3.0.8\groovy-3.0.8.jar;C:\Users\iouahran\.m2\repository\org\codehaus\groovy\groovy-xml\3.0.8\groovy-xml-3.0.8.jar;C:\Users\iouahran\.m2\repository\org\apache\httpcomponents\httpmime\4.5.13\httpmime-4.5.13.jar;C:\Users\iouahran\.m2\repository\org\ccil\cowan\tagsoup\tagsoup\1.2.1\tagsoup-1.2.1.jar;C:\Users\iouahran\.m2\repository\io\rest-assured\json-path\4.3.3\json-path-4.3.3.jar;C:\Users\iouahran\.m2\repository\org\codehaus\groovy\groovy-json\3.0.8\groovy-json-3.0.8.jar;C:\Users\iouahran\.m2\repository\io\rest-assured\rest-assured-common\4.3.3\rest-assured-common-4.3.3.jar;C:\Users\iouahran\.m2\repository\io\rest-assured\xml-path\4.3.3\xml-path-4.3.3.jar;C:\Users\iouahran\.m2\repository\org\apache\commons\commons-lang3\3.12.0\commons-lang3-3.12.0.jar;C:\Users\iouahran\.m2\repository\com\sun\xml\bind\jaxb-impl\2.3.3\jaxb-impl-2.3.3.jar;C:\Users\iouahran\.m2\repository\org\apache\kafka\kafka-streams-test-utils\2.7.1\kafka-streams-test-utils-2.7.1.jar;"/>
    <property name="sun.cpu.endian" value="little"/>
    <property name="user.home" value="C:\Users\iouahran"/>
    <property name="user.language" value="fr"/>
    <property name="java.specification.vendor" value="Oracle Corporation"/>
    <property name="java.version.date" value="2022-02-08"/>
    <property name="java.home" value="C:\Users\iouahran\.jdks\corretto-11.0.14.1"/>
    <property name="file.separator" value="\"/>
    <property name="basedir" value="C:\MyProjects\kafka-streams-v2"/>
    <property name="java.vm.compressedOopsMode" value="Zero based"/>
    <property name="line.separator" value="&#10;"/>
    <property name="java.specification.name" value="Java Platform API Specification"/>
    <property name="java.vm.specification.vendor" value="Oracle Corporation"/>
    <property name="java.awt.graphicsenv" value="sun.awt.Win32GraphicsEnvironment"/>
    <property name="surefire.real.class.path" value="C:\Users\iouahran\AppData\Local\Temp\surefire17548588003493930322\surefirebooter-20240416123459331_3.jar"/>
    <property name="user.script" value=""/>
    <property name="sun.management.compiler" value="HotSpot 64-Bit Tiered Compilers"/>
    <property name="java.runtime.version" value="11.0.14.1+10-LTS"/>
    <property name="user.name" value="iouahran"/>
    <property name="path.separator" value=";"/>
    <property name="os.version" value="10.0"/>
    <property name="java.runtime.name" value="OpenJDK Runtime Environment"/>
    <property name="file.encoding" value="Cp1252"/>
    <property name="java.vm.name" value="OpenJDK 64-Bit Server VM"/>
    <property name="java.vendor.version" value="Corretto-11.0.14.10.1"/>
    <property name="localRepository" value="C:\Users\iouahran\.m2\repository"/>
    <property name="java.vendor.url.bug" value="https://github.com/corretto/corretto-11/issues/"/>
    <property name="java.io.tmpdir" value="C:\Users\iouahran\AppData\Local\Temp\"/>
    <property name="idea.version" value="2021.2.3"/>
    <property name="java.version" value="11.0.14.1"/>
    <property name="user.dir" value="C:\MyProjects\kafka-streams-v2"/>
    <property name="os.arch" value="amd64"/>
    <property name="java.vm.specification.name" value="Java Virtual Machine Specification"/>
    <property name="java.awt.printerjob" value="sun.awt.windows.WPrinterJob"/>
    <property name="sun.os.patch.level" value=""/>
    <property name="java.library.path" value="C:\Users\iouahran\.jdks\corretto-11.0.14.1\bin;C:\WINDOWS\Sun\Java\bin;C:\WINDOWS\system32;C:\WINDOWS;C:\Python38\Scripts\;C:\Python38\;C:\Program Files\Java\jdk1.8.0_192\bin\bin;%MVN_HOME%\bin;C:\Program Files\Eclipse Adoptium\jdk-8.0.322.6-hotspot\bin;C:\Program Files\Common Files\Oracle\Java\javapath;C:\Program Files (x86)\Common Files\Oracle\Java\javapath;C:\WINDOWS\system32;C:\WINDOWS;C:\WINDOWS\System32\Wbem;C:\WINDOWS\System32\WindowsPowerShell\v1.0\;C:\WINDOWS\System32\OpenSSH\;C:\Program Files\nodejs;C:\ProgramData\chocolatey\bin;C:\Program Files\Git\cmd;C:\Tomcat\apache-tomcat-9.0.41\bin;C:\Consul\;C:\Program Files\OracleJDK8\jdk1.8.0_192\bin;C:\ProgramData\chocolatey\lib\maven\apache-maven-3.6.3\bin;C:\Tomcat\apache-tomcat-9.0.41\bin;C:\Program Files\MySQL\MySQL Shell 8.0\bin\;C:\Users\iouahran\AppData\Local\Programs\Enthought\edm\;C:\Users\iouahran\AppData\Local\Microsoft\WindowsApps;C:\Program Files (x86)\heroku\bin;C:\spark-3.0.0-bin-hadoop3.2\bin;C:\Users\iouahran\AppData\Local\Programs\Git\cmd;C:\Users\iouahran\AppData\Local\Programs\MiKTeX\miktex\bin\x64\;C:\Program Files\Multipass\bin;C:\Users\iouahran\development\sdks\flutter\bin;C:\Users\iouahran\AppData\Local\Programs\Microsoft VS Code\bin;C:\tools\dart-sdk\bin;C:\Users\iouahran\AppData\Roaming\Pub\Cache\bin;C:\Program Files\Java\jdk-11.0.13;C:\Program Files\node-v16.14.0-win-x86;C:\tools;."/>
    <property name="java.vm.info" value="mixed mode"/>
    <property name="java.vendor" value="Amazon.com Inc."/>
    <property name="java.vm.version" value="11.0.14.1+10-LTS"/>
    <property name="sun.io.unicode.encoding" value="UnicodeLittle"/>
    <property name="java.class.version" value="55.0"/>
  </properties>
  <testcase name="testPaymentTopology" classname="demo.kafka.streams.processor.PaymentTopologyTest" time="1.971">
    <system-out><![CDATA[12:35:01.944 [main] DEBUG org.apache.kafka.streams.kstream.internals.InternalStreamsBuilder - Adding nodes to topology StreamsGraphNode{nodeName='root', buildPriority=null, hasWrittenToTopology=false, keyChangingOperation=false, valueChangingOperation=false, mergeNode=false, parentNodes=[]} child nodes [StreamSourceNode{topicNames=[payment-topic], topicPattern=null, consumedInternal=org.apache.kafka.streams.kstream.internals.ConsumedInternal@5fb2364c} StreamsGraphNode{nodeName='KSTREAM-SOURCE-0000000000', buildPriority=0, hasWrittenToTopology=false, keyChangingOperation=false, valueChangingOperation=false, mergeNode=false, parentNodes=[root]}]
12:35:01.962 [main] DEBUG org.apache.kafka.streams.kstream.internals.InternalStreamsBuilder - Adding nodes to topology StreamSourceNode{topicNames=[payment-topic], topicPattern=null, consumedInternal=org.apache.kafka.streams.kstream.internals.ConsumedInternal@5fb2364c} StreamsGraphNode{nodeName='KSTREAM-SOURCE-0000000000', buildPriority=0, hasWrittenToTopology=false, keyChangingOperation=false, valueChangingOperation=false, mergeNode=false, parentNodes=[root]} child nodes [ProcessorNode{processorParameters=ProcessorParameters{processor class=class org.apache.kafka.streams.processor.internals.ProcessorAdapter, processor name='KSTREAM-PEEK-0000000001'}} StreamsGraphNode{nodeName='KSTREAM-PEEK-0000000001', buildPriority=1, hasWrittenToTopology=false, keyChangingOperation=false, valueChangingOperation=false, mergeNode=false, parentNodes=[KSTREAM-SOURCE-0000000000]}]
12:35:01.969 [main] DEBUG org.apache.kafka.streams.kstream.internals.InternalStreamsBuilder - Adding nodes to topology ProcessorNode{processorParameters=ProcessorParameters{processor class=class org.apache.kafka.streams.processor.internals.ProcessorAdapter, processor name='KSTREAM-PEEK-0000000001'}} StreamsGraphNode{nodeName='KSTREAM-PEEK-0000000001', buildPriority=1, hasWrittenToTopology=false, keyChangingOperation=false, valueChangingOperation=false, mergeNode=false, parentNodes=[KSTREAM-SOURCE-0000000000]} child nodes [ProcessorNode{processorParameters=ProcessorParameters{processor class=class org.apache.kafka.streams.processor.internals.ProcessorAdapter, processor name='KSTREAM-FILTER-0000000002'}} StreamsGraphNode{nodeName='KSTREAM-FILTER-0000000002', buildPriority=2, hasWrittenToTopology=false, keyChangingOperation=false, valueChangingOperation=false, mergeNode=false, parentNodes=[KSTREAM-PEEK-0000000001]}]
12:35:01.971 [main] DEBUG org.apache.kafka.streams.kstream.internals.InternalStreamsBuilder - Adding nodes to topology ProcessorNode{processorParameters=ProcessorParameters{processor class=class org.apache.kafka.streams.processor.internals.ProcessorAdapter, processor name='KSTREAM-FILTER-0000000002'}} StreamsGraphNode{nodeName='KSTREAM-FILTER-0000000002', buildPriority=2, hasWrittenToTopology=false, keyChangingOperation=false, valueChangingOperation=false, mergeNode=false, parentNodes=[KSTREAM-PEEK-0000000001]} child nodes [ProcessorNode{processorParameters=ProcessorParameters{processor class=class org.apache.kafka.streams.processor.internals.ProcessorAdapter, processor name='KSTREAM-PEEK-0000000003'}} StreamsGraphNode{nodeName='KSTREAM-PEEK-0000000003', buildPriority=3, hasWrittenToTopology=false, keyChangingOperation=false, valueChangingOperation=false, mergeNode=false, parentNodes=[KSTREAM-FILTER-0000000002]}]
12:35:01.972 [main] DEBUG org.apache.kafka.streams.kstream.internals.InternalStreamsBuilder - Adding nodes to topology ProcessorNode{processorParameters=ProcessorParameters{processor class=class org.apache.kafka.streams.processor.internals.ProcessorAdapter, processor name='KSTREAM-PEEK-0000000003'}} StreamsGraphNode{nodeName='KSTREAM-PEEK-0000000003', buildPriority=3, hasWrittenToTopology=false, keyChangingOperation=false, valueChangingOperation=false, mergeNode=false, parentNodes=[KSTREAM-FILTER-0000000002]} child nodes [ProcessorNode{processorParameters=ProcessorParameters{processor class=class org.apache.kafka.streams.processor.internals.ProcessorAdapter, processor name='KSTREAM-BRANCH-0000000004'}} StreamsGraphNode{nodeName='KSTREAM-BRANCH-0000000004', buildPriority=4, hasWrittenToTopology=false, keyChangingOperation=false, valueChangingOperation=false, mergeNode=false, parentNodes=[KSTREAM-PEEK-0000000003]}]
12:35:01.973 [main] DEBUG org.apache.kafka.streams.kstream.internals.InternalStreamsBuilder - Adding nodes to topology ProcessorNode{processorParameters=ProcessorParameters{processor class=class org.apache.kafka.streams.processor.internals.ProcessorAdapter, processor name='KSTREAM-BRANCH-0000000004'}} StreamsGraphNode{nodeName='KSTREAM-BRANCH-0000000004', buildPriority=4, hasWrittenToTopology=false, keyChangingOperation=false, valueChangingOperation=false, mergeNode=false, parentNodes=[KSTREAM-PEEK-0000000003]} child nodes [ProcessorNode{processorParameters=ProcessorParameters{processor class=class org.apache.kafka.streams.processor.internals.ProcessorAdapter, processor name='KSTREAM-BRANCHCHILD-0000000005'}} StreamsGraphNode{nodeName='KSTREAM-BRANCHCHILD-0000000005', buildPriority=5, hasWrittenToTopology=false, keyChangingOperation=false, valueChangingOperation=false, mergeNode=false, parentNodes=[KSTREAM-BRANCH-0000000004]}, ProcessorNode{processorParameters=ProcessorParameters{processor class=class org.apache.kafka.streams.processor.internals.ProcessorAdapter, processor name='KSTREAM-BRANCHCHILD-0000000006'}} StreamsGraphNode{nodeName='KSTREAM-BRANCHCHILD-0000000006', buildPriority=6, hasWrittenToTopology=false, keyChangingOperation=false, valueChangingOperation=false, mergeNode=false, parentNodes=[KSTREAM-BRANCH-0000000004]}]
12:35:01.974 [main] DEBUG org.apache.kafka.streams.kstream.internals.InternalStreamsBuilder - Adding nodes to topology ProcessorNode{processorParameters=ProcessorParameters{processor class=class org.apache.kafka.streams.processor.internals.ProcessorAdapter, processor name='KSTREAM-BRANCHCHILD-0000000005'}} StreamsGraphNode{nodeName='KSTREAM-BRANCHCHILD-0000000005', buildPriority=5, hasWrittenToTopology=false, keyChangingOperation=false, valueChangingOperation=false, mergeNode=false, parentNodes=[KSTREAM-BRANCH-0000000004]} child nodes [ProcessorNode{processorParameters=ProcessorParameters{processor class=class org.apache.kafka.streams.processor.internals.ProcessorAdapter, processor name='KSTREAM-MERGE-0000000008'}} StreamsGraphNode{nodeName='KSTREAM-MERGE-0000000008', buildPriority=9, hasWrittenToTopology=false, keyChangingOperation=false, valueChangingOperation=false, mergeNode=true, parentNodes=[KSTREAM-BRANCHCHILD-0000000005, KSTREAM-MAPVALUES-0000000007]}]
12:35:01.974 [main] DEBUG org.apache.kafka.streams.kstream.internals.InternalStreamsBuilder - Adding nodes to topology ProcessorNode{processorParameters=ProcessorParameters{processor class=class org.apache.kafka.streams.processor.internals.ProcessorAdapter, processor name='KSTREAM-BRANCHCHILD-0000000006'}} StreamsGraphNode{nodeName='KSTREAM-BRANCHCHILD-0000000006', buildPriority=6, hasWrittenToTopology=false, keyChangingOperation=false, valueChangingOperation=false, mergeNode=false, parentNodes=[KSTREAM-BRANCH-0000000004]} child nodes [ProcessorNode{processorParameters=ProcessorParameters{processor class=class org.apache.kafka.streams.processor.internals.ProcessorAdapter, processor name='KSTREAM-MAPVALUES-0000000007'}} StreamsGraphNode{nodeName='KSTREAM-MAPVALUES-0000000007', buildPriority=7, hasWrittenToTopology=false, keyChangingOperation=false, valueChangingOperation=true, mergeNode=false, parentNodes=[KSTREAM-BRANCHCHILD-0000000006]}]
12:35:01.975 [main] DEBUG org.apache.kafka.streams.kstream.internals.InternalStreamsBuilder - Adding nodes to topology ProcessorNode{processorParameters=ProcessorParameters{processor class=class org.apache.kafka.streams.processor.internals.ProcessorAdapter, processor name='KSTREAM-MAPVALUES-0000000007'}} StreamsGraphNode{nodeName='KSTREAM-MAPVALUES-0000000007', buildPriority=7, hasWrittenToTopology=false, keyChangingOperation=false, valueChangingOperation=true, mergeNode=false, parentNodes=[KSTREAM-BRANCHCHILD-0000000006]} child nodes [ProcessorNode{processorParameters=ProcessorParameters{processor class=class org.apache.kafka.streams.processor.internals.ProcessorAdapter, processor name='KSTREAM-MERGE-0000000008'}} StreamsGraphNode{nodeName='KSTREAM-MERGE-0000000008', buildPriority=9, hasWrittenToTopology=false, keyChangingOperation=false, valueChangingOperation=false, mergeNode=true, parentNodes=[KSTREAM-BRANCHCHILD-0000000005, KSTREAM-MAPVALUES-0000000007]}]
12:35:01.976 [main] DEBUG org.apache.kafka.streams.kstream.internals.InternalStreamsBuilder - Adding nodes to topology ProcessorNode{processorParameters=ProcessorParameters{processor class=class org.apache.kafka.streams.processor.internals.ProcessorAdapter, processor name='KSTREAM-MERGE-0000000008'}} StreamsGraphNode{nodeName='KSTREAM-MERGE-0000000008', buildPriority=9, hasWrittenToTopology=false, keyChangingOperation=false, valueChangingOperation=false, mergeNode=true, parentNodes=[KSTREAM-BRANCHCHILD-0000000005, KSTREAM-MAPVALUES-0000000007]} child nodes [ProcessorNode{processorParameters=ProcessorParameters{processor class=class org.apache.kafka.streams.processor.internals.ProcessorAdapter, processor name='KSTREAM-PEEK-0000000009'}} StreamsGraphNode{nodeName='KSTREAM-PEEK-0000000009', buildPriority=10, hasWrittenToTopology=false, keyChangingOperation=false, valueChangingOperation=false, mergeNode=false, parentNodes=[KSTREAM-MERGE-0000000008]}]
12:35:01.976 [main] DEBUG org.apache.kafka.streams.kstream.internals.InternalStreamsBuilder - Adding nodes to topology ProcessorNode{processorParameters=ProcessorParameters{processor class=class org.apache.kafka.streams.processor.internals.ProcessorAdapter, processor name='KSTREAM-MERGE-0000000008'}} StreamsGraphNode{nodeName='KSTREAM-MERGE-0000000008', buildPriority=9, hasWrittenToTopology=true, keyChangingOperation=false, valueChangingOperation=false, mergeNode=true, parentNodes=[KSTREAM-BRANCHCHILD-0000000005, KSTREAM-MAPVALUES-0000000007]} child nodes [ProcessorNode{processorParameters=ProcessorParameters{processor class=class org.apache.kafka.streams.processor.internals.ProcessorAdapter, processor name='KSTREAM-PEEK-0000000009'}} StreamsGraphNode{nodeName='KSTREAM-PEEK-0000000009', buildPriority=10, hasWrittenToTopology=false, keyChangingOperation=false, valueChangingOperation=false, mergeNode=false, parentNodes=[KSTREAM-MERGE-0000000008]}]
12:35:01.976 [main] DEBUG org.apache.kafka.streams.kstream.internals.InternalStreamsBuilder - Adding nodes to topology ProcessorNode{processorParameters=ProcessorParameters{processor class=class org.apache.kafka.streams.processor.internals.ProcessorAdapter, processor name='KSTREAM-PEEK-0000000009'}} StreamsGraphNode{nodeName='KSTREAM-PEEK-0000000009', buildPriority=10, hasWrittenToTopology=false, keyChangingOperation=false, valueChangingOperation=false, mergeNode=false, parentNodes=[KSTREAM-MERGE-0000000008]} child nodes [ProcessorNode{processorParameters=ProcessorParameters{processor class=class org.apache.kafka.streams.processor.internals.ProcessorAdapter, processor name='KSTREAM-MAP-0000000010'}} StreamsGraphNode{nodeName='KSTREAM-MAP-0000000010', buildPriority=11, hasWrittenToTopology=false, keyChangingOperation=true, valueChangingOperation=false, mergeNode=false, parentNodes=[KSTREAM-PEEK-0000000009]}, ProcessorNode{processorParameters=ProcessorParameters{processor class=class org.apache.kafka.streams.processor.internals.ProcessorAdapter, processor name='KSTREAM-BRANCH-0000000015'}} StreamsGraphNode{nodeName='KSTREAM-BRANCH-0000000015', buildPriority=14, hasWrittenToTopology=false, keyChangingOperation=false, valueChangingOperation=false, mergeNode=false, parentNodes=[KSTREAM-PEEK-0000000009]}]
12:35:01.979 [main] DEBUG org.apache.kafka.streams.kstream.internals.InternalStreamsBuilder - Adding nodes to topology ProcessorNode{processorParameters=ProcessorParameters{processor class=class org.apache.kafka.streams.processor.internals.ProcessorAdapter, processor name='KSTREAM-PEEK-0000000009'}} StreamsGraphNode{nodeName='KSTREAM-PEEK-0000000009', buildPriority=10, hasWrittenToTopology=true, keyChangingOperation=false, valueChangingOperation=false, mergeNode=false, parentNodes=[KSTREAM-MERGE-0000000008]} child nodes [ProcessorNode{processorParameters=ProcessorParameters{processor class=class org.apache.kafka.streams.processor.internals.ProcessorAdapter, processor name='KSTREAM-MAP-0000000010'}} StreamsGraphNode{nodeName='KSTREAM-MAP-0000000010', buildPriority=11, hasWrittenToTopology=false, keyChangingOperation=true, valueChangingOperation=false, mergeNode=false, parentNodes=[KSTREAM-PEEK-0000000009]}, ProcessorNode{processorParameters=ProcessorParameters{processor class=class org.apache.kafka.streams.processor.internals.ProcessorAdapter, processor name='KSTREAM-BRANCH-0000000015'}} StreamsGraphNode{nodeName='KSTREAM-BRANCH-0000000015', buildPriority=14, hasWrittenToTopology=false, keyChangingOperation=false, valueChangingOperation=false, mergeNode=false, parentNodes=[KSTREAM-PEEK-0000000009]}]
12:35:01.979 [main] DEBUG org.apache.kafka.streams.kstream.internals.InternalStreamsBuilder - Adding nodes to topology ProcessorNode{processorParameters=ProcessorParameters{processor class=class org.apache.kafka.streams.processor.internals.ProcessorAdapter, processor name='KSTREAM-MAP-0000000010'}} StreamsGraphNode{nodeName='KSTREAM-MAP-0000000010', buildPriority=11, hasWrittenToTopology=false, keyChangingOperation=true, valueChangingOperation=false, mergeNode=false, parentNodes=[KSTREAM-PEEK-0000000009]} child nodes [OptimizableRepartitionNode{ BaseRepartitionNode{keySerde=org.apache.kafka.common.serialization.Serdes$StringSerde@66d57c1b, valueSerde=org.apache.kafka.common.serialization.Serdes$LongSerde@3f4f9acd, sinkName='balance-repartition-sink', sourceName='balance-repartition-source', repartitionTopic='balance-repartition', processorParameters=ProcessorParameters{processor class=class org.apache.kafka.streams.processor.internals.ProcessorAdapter, processor name='balance-repartition-filter'}', partitioner=null, internalTopicProperties=InternalTopicProperties{numberOfPartitions=null}} StreamsGraphNode{nodeName='balance-repartition-source', buildPriority=12, hasWrittenToTopology=false, keyChangingOperation=false, valueChangingOperation=false, mergeNode=false, parentNodes=[KSTREAM-MAP-0000000010]} }]
12:35:01.979 [main] DEBUG org.apache.kafka.streams.kstream.internals.InternalStreamsBuilder - Adding nodes to topology ProcessorNode{processorParameters=ProcessorParameters{processor class=class org.apache.kafka.streams.processor.internals.ProcessorAdapter, processor name='KSTREAM-MAP-0000000010'}} StreamsGraphNode{nodeName='KSTREAM-MAP-0000000010', buildPriority=11, hasWrittenToTopology=true, keyChangingOperation=true, valueChangingOperation=false, mergeNode=false, parentNodes=[KSTREAM-PEEK-0000000009]} child nodes [OptimizableRepartitionNode{ BaseRepartitionNode{keySerde=org.apache.kafka.common.serialization.Serdes$StringSerde@66d57c1b, valueSerde=org.apache.kafka.common.serialization.Serdes$LongSerde@3f4f9acd, sinkName='balance-repartition-sink', sourceName='balance-repartition-source', repartitionTopic='balance-repartition', processorParameters=ProcessorParameters{processor class=class org.apache.kafka.streams.processor.internals.ProcessorAdapter, processor name='balance-repartition-filter'}', partitioner=null, internalTopicProperties=InternalTopicProperties{numberOfPartitions=null}} StreamsGraphNode{nodeName='balance-repartition-source', buildPriority=12, hasWrittenToTopology=false, keyChangingOperation=false, valueChangingOperation=false, mergeNode=false, parentNodes=[KSTREAM-MAP-0000000010]} }]
12:35:01.980 [main] DEBUG org.apache.kafka.streams.kstream.internals.InternalStreamsBuilder - Adding nodes to topology OptimizableRepartitionNode{ BaseRepartitionNode{keySerde=org.apache.kafka.common.serialization.Serdes$StringSerde@66d57c1b, valueSerde=org.apache.kafka.common.serialization.Serdes$LongSerde@3f4f9acd, sinkName='balance-repartition-sink', sourceName='balance-repartition-source', repartitionTopic='balance-repartition', processorParameters=ProcessorParameters{processor class=class org.apache.kafka.streams.processor.internals.ProcessorAdapter, processor name='balance-repartition-filter'}', partitioner=null, internalTopicProperties=InternalTopicProperties{numberOfPartitions=null}} StreamsGraphNode{nodeName='balance-repartition-source', buildPriority=12, hasWrittenToTopology=false, keyChangingOperation=false, valueChangingOperation=false, mergeNode=false, parentNodes=[KSTREAM-MAP-0000000010]} } child nodes [StatefulProcessorNode{storeNames=null, storeBuilder=org.apache.kafka.streams.state.internals.TimestampedKeyValueStoreBuilder@46baf579} ProcessorNode{processorParameters=ProcessorParameters{processor class=class org.apache.kafka.streams.processor.internals.ProcessorAdapter, processor name='KSTREAM-AGGREGATE-0000000011'}} StreamsGraphNode{nodeName='KSTREAM-AGGREGATE-0000000011', buildPriority=13, hasWrittenToTopology=false, keyChangingOperation=false, valueChangingOperation=false, mergeNode=false, parentNodes=[balance-repartition-source]}]
12:35:01.982 [main] DEBUG org.apache.kafka.streams.kstream.internals.InternalStreamsBuilder - Adding nodes to topology OptimizableRepartitionNode{ BaseRepartitionNode{keySerde=org.apache.kafka.common.serialization.Serdes$StringSerde@66d57c1b, valueSerde=org.apache.kafka.common.serialization.Serdes$LongSerde@3f4f9acd, sinkName='balance-repartition-sink', sourceName='balance-repartition-source', repartitionTopic='balance-repartition', processorParameters=ProcessorParameters{processor class=class org.apache.kafka.streams.processor.internals.ProcessorAdapter, processor name='balance-repartition-filter'}', partitioner=null, internalTopicProperties=InternalTopicProperties{numberOfPartitions=null}} StreamsGraphNode{nodeName='balance-repartition-source', buildPriority=12, hasWrittenToTopology=true, keyChangingOperation=false, valueChangingOperation=false, mergeNode=false, parentNodes=[KSTREAM-MAP-0000000010]} } child nodes [StatefulProcessorNode{storeNames=null, storeBuilder=org.apache.kafka.streams.state.internals.TimestampedKeyValueStoreBuilder@46baf579} ProcessorNode{processorParameters=ProcessorParameters{processor class=class org.apache.kafka.streams.processor.internals.ProcessorAdapter, processor name='KSTREAM-AGGREGATE-0000000011'}} StreamsGraphNode{nodeName='KSTREAM-AGGREGATE-0000000011', buildPriority=13, hasWrittenToTopology=false, keyChangingOperation=false, valueChangingOperation=false, mergeNode=false, parentNodes=[balance-repartition-source]}]
12:35:01.982 [main] DEBUG org.apache.kafka.streams.kstream.internals.InternalStreamsBuilder - Adding nodes to topology StatefulProcessorNode{storeNames=null, storeBuilder=org.apache.kafka.streams.state.internals.TimestampedKeyValueStoreBuilder@46baf579} ProcessorNode{processorParameters=ProcessorParameters{processor class=class org.apache.kafka.streams.processor.internals.ProcessorAdapter, processor name='KSTREAM-AGGREGATE-0000000011'}} StreamsGraphNode{nodeName='KSTREAM-AGGREGATE-0000000011', buildPriority=13, hasWrittenToTopology=false, keyChangingOperation=false, valueChangingOperation=false, mergeNode=false, parentNodes=[balance-repartition-source]} child nodes []
12:35:01.983 [main] DEBUG org.apache.kafka.streams.kstream.internals.InternalStreamsBuilder - Adding nodes to topology StatefulProcessorNode{storeNames=null, storeBuilder=org.apache.kafka.streams.state.internals.TimestampedKeyValueStoreBuilder@46baf579} ProcessorNode{processorParameters=ProcessorParameters{processor class=class org.apache.kafka.streams.processor.internals.ProcessorAdapter, processor name='KSTREAM-AGGREGATE-0000000011'}} StreamsGraphNode{nodeName='KSTREAM-AGGREGATE-0000000011', buildPriority=13, hasWrittenToTopology=true, keyChangingOperation=false, valueChangingOperation=false, mergeNode=false, parentNodes=[balance-repartition-source]} child nodes []
12:35:01.983 [main] DEBUG org.apache.kafka.streams.kstream.internals.InternalStreamsBuilder - Adding nodes to topology ProcessorNode{processorParameters=ProcessorParameters{processor class=class org.apache.kafka.streams.processor.internals.ProcessorAdapter, processor name='KSTREAM-BRANCH-0000000015'}} StreamsGraphNode{nodeName='KSTREAM-BRANCH-0000000015', buildPriority=14, hasWrittenToTopology=false, keyChangingOperation=false, valueChangingOperation=false, mergeNode=false, parentNodes=[KSTREAM-PEEK-0000000009]} child nodes [ProcessorNode{processorParameters=ProcessorParameters{processor class=class org.apache.kafka.streams.processor.internals.ProcessorAdapter, processor name='KSTREAM-BRANCHCHILD-0000000016'}} StreamsGraphNode{nodeName='KSTREAM-BRANCHCHILD-0000000016', buildPriority=15, hasWrittenToTopology=false, keyChangingOperation=false, valueChangingOperation=false, mergeNode=false, parentNodes=[KSTREAM-BRANCH-0000000015]}, ProcessorNode{processorParameters=ProcessorParameters{processor class=class org.apache.kafka.streams.processor.internals.ProcessorAdapter, processor name='KSTREAM-BRANCHCHILD-0000000017'}} StreamsGraphNode{nodeName='KSTREAM-BRANCHCHILD-0000000017', buildPriority=16, hasWrittenToTopology=false, keyChangingOperation=false, valueChangingOperation=false, mergeNode=false, parentNodes=[KSTREAM-BRANCH-0000000015]}]
12:35:01.983 [main] DEBUG org.apache.kafka.streams.kstream.internals.InternalStreamsBuilder - Adding nodes to topology ProcessorNode{processorParameters=ProcessorParameters{processor class=class org.apache.kafka.streams.processor.internals.ProcessorAdapter, processor name='KSTREAM-BRANCH-0000000015'}} StreamsGraphNode{nodeName='KSTREAM-BRANCH-0000000015', buildPriority=14, hasWrittenToTopology=true, keyChangingOperation=false, valueChangingOperation=false, mergeNode=false, parentNodes=[KSTREAM-PEEK-0000000009]} child nodes [ProcessorNode{processorParameters=ProcessorParameters{processor class=class org.apache.kafka.streams.processor.internals.ProcessorAdapter, processor name='KSTREAM-BRANCHCHILD-0000000016'}} StreamsGraphNode{nodeName='KSTREAM-BRANCHCHILD-0000000016', buildPriority=15, hasWrittenToTopology=false, keyChangingOperation=false, valueChangingOperation=false, mergeNode=false, parentNodes=[KSTREAM-BRANCH-0000000015]}, ProcessorNode{processorParameters=ProcessorParameters{processor class=class org.apache.kafka.streams.processor.internals.ProcessorAdapter, processor name='KSTREAM-BRANCHCHILD-0000000017'}} StreamsGraphNode{nodeName='KSTREAM-BRANCHCHILD-0000000017', buildPriority=16, hasWrittenToTopology=false, keyChangingOperation=false, valueChangingOperation=false, mergeNode=false, parentNodes=[KSTREAM-BRANCH-0000000015]}]
12:35:01.984 [main] DEBUG org.apache.kafka.streams.kstream.internals.InternalStreamsBuilder - Adding nodes to topology ProcessorNode{processorParameters=ProcessorParameters{processor class=class org.apache.kafka.streams.processor.internals.ProcessorAdapter, processor name='KSTREAM-BRANCHCHILD-0000000016'}} StreamsGraphNode{nodeName='KSTREAM-BRANCHCHILD-0000000016', buildPriority=15, hasWrittenToTopology=false, keyChangingOperation=false, valueChangingOperation=false, mergeNode=false, parentNodes=[KSTREAM-BRANCH-0000000015]} child nodes [StreamSinkNode{topicNameExtractor=StaticTopicNameExtractor(rails-foo-topic), producedInternal=org.apache.kafka.streams.kstream.internals.ProducedInternal@f64012fe} StreamsGraphNode{nodeName='KSTREAM-SINK-0000000018', buildPriority=17, hasWrittenToTopology=false, keyChangingOperation=false, valueChangingOperation=false, mergeNode=false, parentNodes=[KSTREAM-BRANCHCHILD-0000000016]}]
12:35:01.984 [main] DEBUG org.apache.kafka.streams.kstream.internals.InternalStreamsBuilder - Adding nodes to topology ProcessorNode{processorParameters=ProcessorParameters{processor class=class org.apache.kafka.streams.processor.internals.ProcessorAdapter, processor name='KSTREAM-BRANCHCHILD-0000000016'}} StreamsGraphNode{nodeName='KSTREAM-BRANCHCHILD-0000000016', buildPriority=15, hasWrittenToTopology=true, keyChangingOperation=false, valueChangingOperation=false, mergeNode=false, parentNodes=[KSTREAM-BRANCH-0000000015]} child nodes [StreamSinkNode{topicNameExtractor=StaticTopicNameExtractor(rails-foo-topic), producedInternal=org.apache.kafka.streams.kstream.internals.ProducedInternal@f64012fe} StreamsGraphNode{nodeName='KSTREAM-SINK-0000000018', buildPriority=17, hasWrittenToTopology=false, keyChangingOperation=false, valueChangingOperation=false, mergeNode=false, parentNodes=[KSTREAM-BRANCHCHILD-0000000016]}]
12:35:01.984 [main] DEBUG org.apache.kafka.streams.kstream.internals.InternalStreamsBuilder - Adding nodes to topology ProcessorNode{processorParameters=ProcessorParameters{processor class=class org.apache.kafka.streams.processor.internals.ProcessorAdapter, processor name='KSTREAM-BRANCHCHILD-0000000017'}} StreamsGraphNode{nodeName='KSTREAM-BRANCHCHILD-0000000017', buildPriority=16, hasWrittenToTopology=false, keyChangingOperation=false, valueChangingOperation=false, mergeNode=false, parentNodes=[KSTREAM-BRANCH-0000000015]} child nodes [StreamSinkNode{topicNameExtractor=StaticTopicNameExtractor(rails-BAR-topic), producedInternal=org.apache.kafka.streams.kstream.internals.ProducedInternal@8acf7637} StreamsGraphNode{nodeName='KSTREAM-SINK-0000000019', buildPriority=18, hasWrittenToTopology=false, keyChangingOperation=false, valueChangingOperation=false, mergeNode=false, parentNodes=[KSTREAM-BRANCHCHILD-0000000017]}]
12:35:01.984 [main] DEBUG org.apache.kafka.streams.kstream.internals.InternalStreamsBuilder - Adding nodes to topology ProcessorNode{processorParameters=ProcessorParameters{processor class=class org.apache.kafka.streams.processor.internals.ProcessorAdapter, processor name='KSTREAM-BRANCHCHILD-0000000017'}} StreamsGraphNode{nodeName='KSTREAM-BRANCHCHILD-0000000017', buildPriority=16, hasWrittenToTopology=true, keyChangingOperation=false, valueChangingOperation=false, mergeNode=false, parentNodes=[KSTREAM-BRANCH-0000000015]} child nodes [StreamSinkNode{topicNameExtractor=StaticTopicNameExtractor(rails-BAR-topic), producedInternal=org.apache.kafka.streams.kstream.internals.ProducedInternal@8acf7637} StreamsGraphNode{nodeName='KSTREAM-SINK-0000000019', buildPriority=18, hasWrittenToTopology=false, keyChangingOperation=false, valueChangingOperation=false, mergeNode=false, parentNodes=[KSTREAM-BRANCHCHILD-0000000017]}]
12:35:01.985 [main] DEBUG org.apache.kafka.streams.kstream.internals.InternalStreamsBuilder - Adding nodes to topology StreamSinkNode{topicNameExtractor=StaticTopicNameExtractor(rails-foo-topic), producedInternal=org.apache.kafka.streams.kstream.internals.ProducedInternal@f64012fe} StreamsGraphNode{nodeName='KSTREAM-SINK-0000000018', buildPriority=17, hasWrittenToTopology=false, keyChangingOperation=false, valueChangingOperation=false, mergeNode=false, parentNodes=[KSTREAM-BRANCHCHILD-0000000016]} child nodes []
12:35:01.985 [main] DEBUG org.apache.kafka.streams.kstream.internals.InternalStreamsBuilder - Adding nodes to topology StreamSinkNode{topicNameExtractor=StaticTopicNameExtractor(rails-foo-topic), producedInternal=org.apache.kafka.streams.kstream.internals.ProducedInternal@f64012fe} StreamsGraphNode{nodeName='KSTREAM-SINK-0000000018', buildPriority=17, hasWrittenToTopology=true, keyChangingOperation=false, valueChangingOperation=false, mergeNode=false, parentNodes=[KSTREAM-BRANCHCHILD-0000000016]} child nodes []
12:35:01.985 [main] DEBUG org.apache.kafka.streams.kstream.internals.InternalStreamsBuilder - Adding nodes to topology StreamSinkNode{topicNameExtractor=StaticTopicNameExtractor(rails-BAR-topic), producedInternal=org.apache.kafka.streams.kstream.internals.ProducedInternal@8acf7637} StreamsGraphNode{nodeName='KSTREAM-SINK-0000000019', buildPriority=18, hasWrittenToTopology=false, keyChangingOperation=false, valueChangingOperation=false, mergeNode=false, parentNodes=[KSTREAM-BRANCHCHILD-0000000017]} child nodes []
12:35:01.985 [main] DEBUG org.apache.kafka.streams.kstream.internals.InternalStreamsBuilder - Adding nodes to topology StreamSinkNode{topicNameExtractor=StaticTopicNameExtractor(rails-BAR-topic), producedInternal=org.apache.kafka.streams.kstream.internals.ProducedInternal@8acf7637} StreamsGraphNode{nodeName='KSTREAM-SINK-0000000019', buildPriority=18, hasWrittenToTopology=true, keyChangingOperation=false, valueChangingOperation=false, mergeNode=false, parentNodes=[KSTREAM-BRANCHCHILD-0000000017]} child nodes []
12:35:02.030 [main] DEBUG org.apache.kafka.streams.processor.internals.InternalTopologyBuilder - No source topics using pattern subscription found, initializing consumer's subscription collection.
12:35:02.058 [main] WARN org.apache.kafka.streams.processor.internals.StateDirectory - Using /tmp directory in the state.dir property can cause failures with writing the checkpoint file due to the fact that this directory can be cleared by the OS
12:35:02.059 [main] ERROR org.apache.kafka.streams.processor.internals.StateDirectory - Failed to change permissions for the directory \tmp\kafka-streams
12:35:02.059 [main] ERROR org.apache.kafka.streams.processor.internals.StateDirectory - Failed to change permissions for the directory \tmp\kafka-streams\dummy-topology-test-driver-app-id
12:35:02.096 [main] DEBUG org.apache.kafka.streams.processor.internals.ProcessorStateManager - topology-test-driver Created state store manager for task 0_0
12:35:02.116 [main] DEBUG org.apache.kafka.streams.processor.internals.ProcessorStateManager - topology-test-driver Register global stores []
12:35:02.120 [main] DEBUG org.apache.kafka.streams.processor.internals.StateDirectory - stream-thread [main] Acquired state dir lock for task 0_0
12:35:02.121 [main] DEBUG org.apache.kafka.streams.processor.internals.StreamTask - stream-thread [main] task [0_0] Acquired state directory lock
12:35:02.333 [main] INFO org.apache.kafka.streams.state.internals.RocksDBTimestampedStore - Opening store balance in regular mode
12:35:02.334 [main] DEBUG org.apache.kafka.streams.state.internals.metrics.RocksDBMetricsRecorder - [RocksDB Metrics Recorder for balance] Adding metrics recorder of task 0_0 to metrics recording trigger
12:35:02.334 [main] DEBUG org.apache.kafka.streams.state.internals.metrics.RocksDBMetricsRecorder - [RocksDB Metrics Recorder for balance] Adding value providers for store balance of task 0_0
12:35:02.338 [main] DEBUG org.apache.kafka.streams.processor.internals.ProcessorStateManager - topology-test-driver Registered state store balance to its state manager
12:35:02.339 [main] DEBUG org.apache.kafka.streams.processor.internals.StreamTask - stream-thread [main] task [0_0] Registered state stores
12:35:02.340 [main] DEBUG org.apache.kafka.streams.processor.internals.ProcessorStateManager - topology-test-driver State store balance initialized from checkpoint with offset 3 at changelog dummy-topology-test-driver-app-id-balance-changelog-0
12:35:02.341 [main] DEBUG org.apache.kafka.streams.processor.internals.StreamTask - stream-thread [main] task [0_0] Initialized state stores
12:35:02.341 [main] INFO org.apache.kafka.streams.processor.internals.StreamTask - stream-thread [main] task [0_0] Initialized
12:35:02.344 [main] DEBUG org.apache.kafka.streams.processor.internals.StreamTask - stream-thread [main] task [0_0] No committed offset for partition dummy-topology-test-driver-app-id-balance-repartition-0, therefore no timestamp can be found for this partition
12:35:02.345 [main] DEBUG org.apache.kafka.streams.processor.internals.StreamTask - stream-thread [main] task [0_0] No committed offset for partition payment-topic-0, therefore no timestamp can be found for this partition
12:35:02.349 [main] INFO org.apache.kafka.streams.processor.internals.StreamTask - stream-thread [main] task [0_0] Restored and ready to run
12:35:03.119 [main] INFO demo.kafka.streams.processor.PaymentTopology - Payment event received with key=727e1b56-9afe-4a5f-9773-c796fc9ced0a, payment=PaymentEvent(paymentId=727e1b56-9afe-4a5f-9773-c796fc9ced0a, amount=100, currency=GBP, toAccount=DEF-586d687c-9805-4535-a344-a9744f795dc5, fromAccount=ABC-42971734-2147-46eb-a380-75653e19e9a2, rails=BANK_RAILS_FOO)
12:35:03.119 [main] INFO demo.kafka.streams.processor.PaymentTopology - Filtered payment event received with key=727e1b56-9afe-4a5f-9773-c796fc9ced0a, value=PaymentEvent(paymentId=727e1b56-9afe-4a5f-9773-c796fc9ced0a, amount=100, currency=GBP, toAccount=DEF-586d687c-9805-4535-a344-a9744f795dc5, fromAccount=ABC-42971734-2147-46eb-a380-75653e19e9a2, rails=BANK_RAILS_FOO)
12:35:03.121 [main] INFO demo.kafka.streams.processor.PaymentTopology - Merged payment event received with key=727e1b56-9afe-4a5f-9773-c796fc9ced0a, value=PaymentEvent(paymentId=727e1b56-9afe-4a5f-9773-c796fc9ced0a, amount=100, currency=GBP, toAccount=DEF-586d687c-9805-4535-a344-a9744f795dc5, fromAccount=ABC-42971734-2147-46eb-a380-75653e19e9a2, rails=BANK_RAILS_FOO)
12:35:03.127 [main] DEBUG org.apache.kafka.streams.processor.internals.ProcessorStateManager - topology-test-driver Flushing all store caches registered in the state manager: {balance=StateStoreMetadata (balance : dummy-topology-test-driver-app-id-balance-changelog-0 @ 3}
12:35:03.127 [main] DEBUG org.apache.kafka.streams.processor.internals.RecordCollectorImpl - topology-test-driver Flushing record collector
12:35:03.127 [main] DEBUG org.apache.kafka.streams.processor.internals.StreamTask - stream-thread [main] task [0_0] Prepared RUNNING task for committing
12:35:03.129 [main] DEBUG org.apache.kafka.streams.processor.internals.StreamTask - stream-thread [main] task [0_0] Checkpointable offsets {payment-topic-0=0, dummy-topology-test-driver-app-id-balance-repartition-0=0, rails-foo-topic-0=0}
12:35:03.129 [main] DEBUG org.apache.kafka.streams.processor.internals.ProcessorStateManager - topology-test-driver Flushing all stores registered in the state manager: {balance=StateStoreMetadata (balance : dummy-topology-test-driver-app-id-balance-changelog-0 @ 3}
12:35:03.130 [main] DEBUG org.apache.kafka.streams.processor.internals.ProcessorStateManager - topology-test-driver Writing checkpoint: {dummy-topology-test-driver-app-id-balance-changelog-0=3}
12:35:03.137 [main] DEBUG org.apache.kafka.streams.processor.internals.StreamTask - stream-thread [main] task [0_0] Finalized commit for RUNNING task with eos false enforce checkpoint true
12:35:03.148 [main] DEBUG org.apache.kafka.streams.processor.internals.ProcessorStateManager - topology-test-driver Flushing all store caches registered in the state manager: {balance=StateStoreMetadata (balance : dummy-topology-test-driver-app-id-balance-changelog-0 @ 3}
12:35:03.155 [main] DEBUG org.apache.kafka.streams.processor.internals.RecordCollectorImpl - topology-test-driver Flushing record collector
12:35:03.155 [main] DEBUG org.apache.kafka.streams.processor.internals.StreamTask - stream-thread [main] task [0_0] Prepared RUNNING task for committing
12:35:03.155 [main] DEBUG org.apache.kafka.streams.processor.internals.StreamTask - stream-thread [main] task [0_0] Checkpointable offsets {dummy-topology-test-driver-app-id-balance-repartition-0=0, rails-foo-topic-0=0, dummy-topology-test-driver-app-id-balance-changelog-0=0, payment-topic-0=0}
12:35:03.155 [main] DEBUG org.apache.kafka.streams.processor.internals.ProcessorStateManager - topology-test-driver State store balance updated to written offset 0 at changelog dummy-topology-test-driver-app-id-balance-changelog-0
12:35:03.155 [main] DEBUG org.apache.kafka.streams.processor.internals.ProcessorStateManager - topology-test-driver Flushing all stores registered in the state manager: {balance=StateStoreMetadata (balance : dummy-topology-test-driver-app-id-balance-changelog-0 @ 0}
12:35:03.161 [main] DEBUG org.apache.kafka.streams.processor.internals.ProcessorStateManager - topology-test-driver Writing checkpoint: {dummy-topology-test-driver-app-id-balance-changelog-0=0}
12:35:03.168 [main] DEBUG org.apache.kafka.streams.processor.internals.StreamTask - stream-thread [main] task [0_0] Finalized commit for RUNNING task with eos false enforce checkpoint true
12:35:03.168 [main] INFO demo.kafka.streams.processor.PaymentTopology - Payment event received with key=55b8118d-8fcb-4973-a1e5-93e75cb36d0f, payment=PaymentEvent(paymentId=55b8118d-8fcb-4973-a1e5-93e75cb36d0f, amount=50, currency=GBP, toAccount=DEF-586d687c-9805-4535-a344-a9744f795dc5, fromAccount=ABC-42971734-2147-46eb-a380-75653e19e9a2, rails=BANK_RAILS_FOO)
12:35:03.169 [main] INFO demo.kafka.streams.processor.PaymentTopology - Filtered payment event received with key=55b8118d-8fcb-4973-a1e5-93e75cb36d0f, value=PaymentEvent(paymentId=55b8118d-8fcb-4973-a1e5-93e75cb36d0f, amount=50, currency=GBP, toAccount=DEF-586d687c-9805-4535-a344-a9744f795dc5, fromAccount=ABC-42971734-2147-46eb-a380-75653e19e9a2, rails=BANK_RAILS_FOO)
12:35:03.169 [main] INFO demo.kafka.streams.processor.PaymentTopology - Merged payment event received with key=55b8118d-8fcb-4973-a1e5-93e75cb36d0f, value=PaymentEvent(paymentId=55b8118d-8fcb-4973-a1e5-93e75cb36d0f, amount=50, currency=GBP, toAccount=DEF-586d687c-9805-4535-a344-a9744f795dc5, fromAccount=ABC-42971734-2147-46eb-a380-75653e19e9a2, rails=BANK_RAILS_FOO)
12:35:03.170 [main] DEBUG org.apache.kafka.streams.processor.internals.ProcessorStateManager - topology-test-driver Flushing all store caches registered in the state manager: {balance=StateStoreMetadata (balance : dummy-topology-test-driver-app-id-balance-changelog-0 @ 0}
12:35:03.170 [main] DEBUG org.apache.kafka.streams.processor.internals.RecordCollectorImpl - topology-test-driver Flushing record collector
12:35:03.170 [main] DEBUG org.apache.kafka.streams.processor.internals.StreamTask - stream-thread [main] task [0_0] Prepared RUNNING task for committing
12:35:03.170 [main] DEBUG org.apache.kafka.streams.processor.internals.StreamTask - stream-thread [main] task [0_0] Checkpointable offsets {dummy-topology-test-driver-app-id-balance-repartition-0=1, rails-foo-topic-0=1, dummy-topology-test-driver-app-id-balance-changelog-0=0, payment-topic-0=1}
12:35:03.170 [main] DEBUG org.apache.kafka.streams.processor.internals.ProcessorStateManager - topology-test-driver State store balance updated to written offset 0 at changelog dummy-topology-test-driver-app-id-balance-changelog-0
12:35:03.170 [main] DEBUG org.apache.kafka.streams.processor.internals.ProcessorStateManager - topology-test-driver Flushing all stores registered in the state manager: {balance=StateStoreMetadata (balance : dummy-topology-test-driver-app-id-balance-changelog-0 @ 0}
12:35:03.170 [main] DEBUG org.apache.kafka.streams.processor.internals.ProcessorStateManager - topology-test-driver Writing checkpoint: {dummy-topology-test-driver-app-id-balance-changelog-0=0}
12:35:03.176 [main] DEBUG org.apache.kafka.streams.processor.internals.StreamTask - stream-thread [main] task [0_0] Finalized commit for RUNNING task with eos false enforce checkpoint true
12:35:03.176 [main] DEBUG org.apache.kafka.streams.processor.internals.ProcessorStateManager - topology-test-driver Flushing all store caches registered in the state manager: {balance=StateStoreMetadata (balance : dummy-topology-test-driver-app-id-balance-changelog-0 @ 0}
12:35:03.176 [main] DEBUG org.apache.kafka.streams.processor.internals.RecordCollectorImpl - topology-test-driver Flushing record collector
12:35:03.176 [main] DEBUG org.apache.kafka.streams.processor.internals.StreamTask - stream-thread [main] task [0_0] Prepared RUNNING task for committing
12:35:03.176 [main] DEBUG org.apache.kafka.streams.processor.internals.StreamTask - stream-thread [main] task [0_0] Checkpointable offsets {dummy-topology-test-driver-app-id-balance-repartition-0=1, rails-foo-topic-0=1, dummy-topology-test-driver-app-id-balance-changelog-0=1, payment-topic-0=1}
12:35:03.176 [main] DEBUG org.apache.kafka.streams.processor.internals.ProcessorStateManager - topology-test-driver State store balance updated to written offset 1 at changelog dummy-topology-test-driver-app-id-balance-changelog-0
12:35:03.176 [main] DEBUG org.apache.kafka.streams.processor.internals.ProcessorStateManager - topology-test-driver Flushing all stores registered in the state manager: {balance=StateStoreMetadata (balance : dummy-topology-test-driver-app-id-balance-changelog-0 @ 1}
12:35:03.183 [main] DEBUG org.apache.kafka.streams.processor.internals.ProcessorStateManager - topology-test-driver Writing checkpoint: {dummy-topology-test-driver-app-id-balance-changelog-0=1}
12:35:03.188 [main] DEBUG org.apache.kafka.streams.processor.internals.StreamTask - stream-thread [main] task [0_0] Finalized commit for RUNNING task with eos false enforce checkpoint true
12:35:03.188 [main] INFO demo.kafka.streams.processor.PaymentTopology - Payment event received with key=07785708-914b-4ae6-97b3-5175cf94322b, payment=PaymentEvent(paymentId=07785708-914b-4ae6-97b3-5175cf94322b, amount=60, currency=GBP, toAccount=DEF-586d687c-9805-4535-a344-a9744f795dc5, fromAccount=ABC-42971734-2147-46eb-a380-75653e19e9a2, rails=BANK_RAILS_FOO)
12:35:03.189 [main] INFO demo.kafka.streams.processor.PaymentTopology - Filtered payment event received with key=07785708-914b-4ae6-97b3-5175cf94322b, value=PaymentEvent(paymentId=07785708-914b-4ae6-97b3-5175cf94322b, amount=60, currency=GBP, toAccount=DEF-586d687c-9805-4535-a344-a9744f795dc5, fromAccount=ABC-42971734-2147-46eb-a380-75653e19e9a2, rails=BANK_RAILS_FOO)
12:35:03.189 [main] INFO demo.kafka.streams.processor.PaymentTopology - Merged payment event received with key=07785708-914b-4ae6-97b3-5175cf94322b, value=PaymentEvent(paymentId=07785708-914b-4ae6-97b3-5175cf94322b, amount=60, currency=GBP, toAccount=DEF-586d687c-9805-4535-a344-a9744f795dc5, fromAccount=ABC-42971734-2147-46eb-a380-75653e19e9a2, rails=BANK_RAILS_FOO)
12:35:03.189 [main] DEBUG org.apache.kafka.streams.processor.internals.ProcessorStateManager - topology-test-driver Flushing all store caches registered in the state manager: {balance=StateStoreMetadata (balance : dummy-topology-test-driver-app-id-balance-changelog-0 @ 1}
12:35:03.189 [main] DEBUG org.apache.kafka.streams.processor.internals.RecordCollectorImpl - topology-test-driver Flushing record collector
12:35:03.189 [main] DEBUG org.apache.kafka.streams.processor.internals.StreamTask - stream-thread [main] task [0_0] Prepared RUNNING task for committing
12:35:03.189 [main] DEBUG org.apache.kafka.streams.processor.internals.StreamTask - stream-thread [main] task [0_0] Checkpointable offsets {dummy-topology-test-driver-app-id-balance-repartition-0=2, rails-foo-topic-0=2, dummy-topology-test-driver-app-id-balance-changelog-0=1, payment-topic-0=2}
12:35:03.189 [main] DEBUG org.apache.kafka.streams.processor.internals.ProcessorStateManager - topology-test-driver State store balance updated to written offset 1 at changelog dummy-topology-test-driver-app-id-balance-changelog-0
12:35:03.189 [main] DEBUG org.apache.kafka.streams.processor.internals.ProcessorStateManager - topology-test-driver Flushing all stores registered in the state manager: {balance=StateStoreMetadata (balance : dummy-topology-test-driver-app-id-balance-changelog-0 @ 1}
12:35:03.189 [main] DEBUG org.apache.kafka.streams.processor.internals.ProcessorStateManager - topology-test-driver Writing checkpoint: {dummy-topology-test-driver-app-id-balance-changelog-0=1}
12:35:03.194 [main] DEBUG org.apache.kafka.streams.processor.internals.StreamTask - stream-thread [main] task [0_0] Finalized commit for RUNNING task with eos false enforce checkpoint true
12:35:03.195 [main] DEBUG org.apache.kafka.streams.processor.internals.ProcessorStateManager - topology-test-driver Flushing all store caches registered in the state manager: {balance=StateStoreMetadata (balance : dummy-topology-test-driver-app-id-balance-changelog-0 @ 1}
12:35:03.195 [main] DEBUG org.apache.kafka.streams.processor.internals.RecordCollectorImpl - topology-test-driver Flushing record collector
12:35:03.195 [main] DEBUG org.apache.kafka.streams.processor.internals.StreamTask - stream-thread [main] task [0_0] Prepared RUNNING task for committing
12:35:03.195 [main] DEBUG org.apache.kafka.streams.processor.internals.StreamTask - stream-thread [main] task [0_0] Checkpointable offsets {dummy-topology-test-driver-app-id-balance-repartition-0=2, rails-foo-topic-0=2, dummy-topology-test-driver-app-id-balance-changelog-0=2, payment-topic-0=2}
12:35:03.195 [main] DEBUG org.apache.kafka.streams.processor.internals.ProcessorStateManager - topology-test-driver State store balance updated to written offset 2 at changelog dummy-topology-test-driver-app-id-balance-changelog-0
12:35:03.196 [main] DEBUG org.apache.kafka.streams.processor.internals.ProcessorStateManager - topology-test-driver Flushing all stores registered in the state manager: {balance=StateStoreMetadata (balance : dummy-topology-test-driver-app-id-balance-changelog-0 @ 2}
12:35:03.202 [main] DEBUG org.apache.kafka.streams.processor.internals.ProcessorStateManager - topology-test-driver Writing checkpoint: {dummy-topology-test-driver-app-id-balance-changelog-0=2}
12:35:03.208 [main] DEBUG org.apache.kafka.streams.processor.internals.StreamTask - stream-thread [main] task [0_0] Finalized commit for RUNNING task with eos false enforce checkpoint true
12:35:03.208 [main] INFO demo.kafka.streams.processor.PaymentTopology - Payment event received with key=161565e7-c606-4078-beb1-6116e954cba9, payment=PaymentEvent(paymentId=161565e7-c606-4078-beb1-6116e954cba9, amount=1200, currency=GBP, toAccount=DEF-586d687c-9805-4535-a344-a9744f795dc5, fromAccount=ABC-42971734-2147-46eb-a380-75653e19e9a2, rails=BANK_RAILS_XXX)
12:35:03.208 [main] DEBUG org.apache.kafka.streams.processor.internals.ProcessorStateManager - topology-test-driver Flushing all store caches registered in the state manager: {balance=StateStoreMetadata (balance : dummy-topology-test-driver-app-id-balance-changelog-0 @ 2}
12:35:03.209 [main] DEBUG org.apache.kafka.streams.processor.internals.RecordCollectorImpl - topology-test-driver Flushing record collector
12:35:03.209 [main] DEBUG org.apache.kafka.streams.processor.internals.StreamTask - stream-thread [main] task [0_0] Prepared RUNNING task for committing
12:35:03.209 [main] DEBUG org.apache.kafka.streams.processor.internals.StreamTask - stream-thread [main] task [0_0] Checkpointable offsets {dummy-topology-test-driver-app-id-balance-repartition-0=2, rails-foo-topic-0=2, dummy-topology-test-driver-app-id-balance-changelog-0=2, payment-topic-0=3}
12:35:03.209 [main] DEBUG org.apache.kafka.streams.processor.internals.ProcessorStateManager - topology-test-driver State store balance updated to written offset 2 at changelog dummy-topology-test-driver-app-id-balance-changelog-0
12:35:03.209 [main] DEBUG org.apache.kafka.streams.processor.internals.ProcessorStateManager - topology-test-driver Flushing all stores registered in the state manager: {balance=StateStoreMetadata (balance : dummy-topology-test-driver-app-id-balance-changelog-0 @ 2}
12:35:03.209 [main] DEBUG org.apache.kafka.streams.processor.internals.ProcessorStateManager - topology-test-driver Writing checkpoint: {dummy-topology-test-driver-app-id-balance-changelog-0=2}
12:35:03.215 [main] DEBUG org.apache.kafka.streams.processor.internals.StreamTask - stream-thread [main] task [0_0] Finalized commit for RUNNING task with eos false enforce checkpoint true
12:35:03.216 [main] INFO demo.kafka.streams.processor.PaymentTopology - Payment event received with key=d038ea60-f261-4e6d-99c2-d40b4c8ff4ce, payment=PaymentEvent(paymentId=d038ea60-f261-4e6d-99c2-d40b4c8ff4ce, amount=1000, currency=USD, toAccount=DEF-586d687c-9805-4535-a344-a9744f795dc5, fromAccount=XYZ-0d872b8a-67b2-4bd7-810c-32cffbe997e6, rails=BANK_RAILS_BAR)
12:35:03.216 [main] INFO demo.kafka.streams.processor.PaymentTopology - Filtered payment event received with key=d038ea60-f261-4e6d-99c2-d40b4c8ff4ce, value=PaymentEvent(paymentId=d038ea60-f261-4e6d-99c2-d40b4c8ff4ce, amount=1000, currency=USD, toAccount=DEF-586d687c-9805-4535-a344-a9744f795dc5, fromAccount=XYZ-0d872b8a-67b2-4bd7-810c-32cffbe997e6, rails=BANK_RAILS_BAR)
12:35:03.216 [main] INFO demo.kafka.streams.processor.PaymentTopology - Merged payment event received with key=d038ea60-f261-4e6d-99c2-d40b4c8ff4ce, value=PaymentEvent(paymentId=d038ea60-f261-4e6d-99c2-d40b4c8ff4ce, amount=800, currency=GBP, toAccount=DEF-586d687c-9805-4535-a344-a9744f795dc5, fromAccount=XYZ-0d872b8a-67b2-4bd7-810c-32cffbe997e6, rails=BANK_RAILS_BAR)
12:35:03.217 [main] DEBUG org.apache.kafka.streams.processor.internals.ProcessorStateManager - topology-test-driver Flushing all store caches registered in the state manager: {balance=StateStoreMetadata (balance : dummy-topology-test-driver-app-id-balance-changelog-0 @ 2}
12:35:03.217 [main] DEBUG org.apache.kafka.streams.processor.internals.RecordCollectorImpl - topology-test-driver Flushing record collector
12:35:03.217 [main] DEBUG org.apache.kafka.streams.processor.internals.StreamTask - stream-thread [main] task [0_0] Prepared RUNNING task for committing
12:35:03.217 [main] DEBUG org.apache.kafka.streams.processor.internals.StreamTask - stream-thread [main] task [0_0] Checkpointable offsets {dummy-topology-test-driver-app-id-balance-repartition-0=3, rails-foo-topic-0=2, dummy-topology-test-driver-app-id-balance-changelog-0=2, payment-topic-0=4, rails-BAR-topic-0=0}
12:35:03.217 [main] DEBUG org.apache.kafka.streams.processor.internals.ProcessorStateManager - topology-test-driver State store balance updated to written offset 2 at changelog dummy-topology-test-driver-app-id-balance-changelog-0
12:35:03.218 [main] DEBUG org.apache.kafka.streams.processor.internals.ProcessorStateManager - topology-test-driver Flushing all stores registered in the state manager: {balance=StateStoreMetadata (balance : dummy-topology-test-driver-app-id-balance-changelog-0 @ 2}
12:35:03.219 [main] DEBUG org.apache.kafka.streams.processor.internals.ProcessorStateManager - topology-test-driver Writing checkpoint: {dummy-topology-test-driver-app-id-balance-changelog-0=2}
12:35:03.223 [main] DEBUG org.apache.kafka.streams.processor.internals.StreamTask - stream-thread [main] task [0_0] Finalized commit for RUNNING task with eos false enforce checkpoint true
12:35:03.224 [main] DEBUG org.apache.kafka.streams.processor.internals.ProcessorStateManager - topology-test-driver Flushing all store caches registered in the state manager: {balance=StateStoreMetadata (balance : dummy-topology-test-driver-app-id-balance-changelog-0 @ 2}
12:35:03.224 [main] DEBUG org.apache.kafka.streams.processor.internals.RecordCollectorImpl - topology-test-driver Flushing record collector
12:35:03.224 [main] DEBUG org.apache.kafka.streams.processor.internals.StreamTask - stream-thread [main] task [0_0] Prepared RUNNING task for committing
12:35:03.224 [main] DEBUG org.apache.kafka.streams.processor.internals.StreamTask - stream-thread [main] task [0_0] Checkpointable offsets {dummy-topology-test-driver-app-id-balance-repartition-0=3, rails-foo-topic-0=2, dummy-topology-test-driver-app-id-balance-changelog-0=3, payment-topic-0=4, rails-BAR-topic-0=0}
12:35:03.225 [main] DEBUG org.apache.kafka.streams.processor.internals.ProcessorStateManager - topology-test-driver State store balance updated to written offset 3 at changelog dummy-topology-test-driver-app-id-balance-changelog-0
12:35:03.225 [main] DEBUG org.apache.kafka.streams.processor.internals.ProcessorStateManager - topology-test-driver Flushing all stores registered in the state manager: {balance=StateStoreMetadata (balance : dummy-topology-test-driver-app-id-balance-changelog-0 @ 3}
12:35:03.231 [main] DEBUG org.apache.kafka.streams.processor.internals.ProcessorStateManager - topology-test-driver Writing checkpoint: {dummy-topology-test-driver-app-id-balance-changelog-0=3}
12:35:03.237 [main] DEBUG org.apache.kafka.streams.processor.internals.StreamTask - stream-thread [main] task [0_0] Finalized commit for RUNNING task with eos false enforce checkpoint true
12:35:03.245 [main] INFO org.apache.kafka.streams.TopologyTestDriver - Method #getTimestampedKeyValueStore() should be used to access a TimestampedKeyValueStore.
]]></system-out>
  </testcase>
</testsuite>